INFO 2025-12-04 20:47:23,681 autoreload 28332 30808 Watching for file changes with StatReloader
WARNING 2025-12-04 20:47:25,169 basehttp 28332 18700 "GET / HTTP/1.1" 404 2801
WARNING 2025-12-04 20:47:25,299 basehttp 28332 18700 "GET /favicon.ico HTTP/1.1" 404 2852
INFO 2025-12-04 20:47:30,557 basehttp 28332 18700 "GET /admin HTTP/1.1" 301 0
INFO 2025-12-04 20:47:30,569 basehttp 28332 4952 "GET /admin/ HTTP/1.1" 302 0
INFO 2025-12-04 20:47:30,611 basehttp 28332 4952 "GET /admin/login/?next=/admin/ HTTP/1.1" 200 4164
INFO 2025-12-04 20:47:30,641 basehttp 28332 4952 "GET /static/admin/css/base.css HTTP/1.1" 200 21544
INFO 2025-12-04 20:47:30,646 basehttp 28332 24440 "GET /static/admin/css/dark_mode.css HTTP/1.1" 200 2682
INFO 2025-12-04 20:47:30,646 basehttp 28332 2996 "GET /static/admin/css/nav_sidebar.css HTTP/1.1" 200 2810
INFO 2025-12-04 20:47:30,648 basehttp 28332 4952 "GET /static/admin/js/nav_sidebar.js HTTP/1.1" 200 3063
INFO 2025-12-04 20:47:30,648 basehttp 28332 10628 "GET /static/admin/css/login.css HTTP/1.1" 200 958
INFO 2025-12-04 20:47:30,648 basehttp 28332 26860 "GET /static/admin/css/responsive.css HTTP/1.1" 200 17905
INFO 2025-12-04 20:47:30,649 basehttp 28332 23280 "GET /static/admin/js/theme.js HTTP/1.1" 200 1943
INFO 2025-12-04 20:47:38,222 basehttp 28332 23280 "POST /admin/login/?next=/admin/ HTTP/1.1" 302 0
INFO 2025-12-04 20:47:38,249 basehttp 28332 23280 "GET /admin/ HTTP/1.1" 200 6357
INFO 2025-12-04 20:47:38,277 basehttp 28332 23280 "GET /static/admin/css/dashboard.css HTTP/1.1" 200 441
INFO 2025-12-04 20:47:38,277 basehttp 28332 10628 "GET /static/admin/img/icon-changelink.svg HTTP/1.1" 200 380
INFO 2025-12-04 20:47:38,278 basehttp 28332 4952 "GET /static/admin/img/icon-addlink.svg HTTP/1.1" 200 331
WARNING 2025-12-04 20:47:54,016 basehttp 28332 4952 "GET / HTTP/1.1" 404 2801
WARNING 2025-12-04 20:48:02,323 basehttp 28332 4952 "GET /shema HTTP/1.1" 404 2834
WARNING 2025-12-04 20:48:10,339 basehttp 28332 4952 "GET /docs HTTP/1.1" 404 2831
WARNING 2025-12-04 20:48:16,048 basehttp 28332 4952 "GET /docs/ HTTP/1.1" 404 2834
ERROR 2025-12-04 20:48:31,749 log 28332 4952 Internal Server Error: /api/docs/
Traceback (most recent call last):
  File "D:\django_project\bonding\env\Lib\site-packages\django_redis\cache.py", line 29, in _decorator
    return method(self, *args, **kwargs)
  File "D:\django_project\bonding\env\Lib\site-packages\django_redis\cache.py", line 99, in _get
    return self.client.get(key, default=default, version=version, client=client)
           ~~~~~~~~~~~~~~~^^^^^^^^^^^^^^^^^^^^^^^^^^^^^^^^^^^^^^^^^^^^^^^^^^^^^^
  File "D:\django_project\bonding\env\Lib\site-packages\django_redis\client\default.py", line 300, in get
    raise ConnectionInterrupted(connection=client) from e
django_redis.exceptions.ConnectionInterrupted: Redis ConnectionError: Error 10061 connecting to 127.0.0.1:6379. No connection could be made because the target machine actively refused it.

During handling of the above exception, another exception occurred:

Traceback (most recent call last):
  File "D:\django_project\bonding\env\Lib\site-packages\rest_framework\views.py", line 497, in dispatch
    self.initial(request, *args, **kwargs)
    ~~~~~~~~~~~~^^^^^^^^^^^^^^^^^^^^^^^^^^
  File "D:\django_project\bonding\env\Lib\site-packages\rest_framework\views.py", line 416, in initial
    self.check_throttles(request)
    ~~~~~~~~~~~~~~~~~~~~^^^^^^^^^
  File "D:\django_project\bonding\env\Lib\site-packages\rest_framework\views.py", line 359, in check_throttles
    if not throttle.allow_request(request, self):
           ~~~~~~~~~~~~~~~~~~~~~~^^^^^^^^^^^^^^^
  File "D:\django_project\bonding\env\Lib\site-packages\rest_framework\throttling.py", line 123, in allow_request
    self.history = self.cache.get(self.key, [])
                   ~~~~~~~~~~~~~~^^^^^^^^^^^^^^
  File "D:\django_project\bonding\env\Lib\site-packages\django_redis\cache.py", line 92, in get
    value = self._get(key, default, version, client)
  File "D:\django_project\bonding\env\Lib\site-packages\django_redis\cache.py", line 36, in _decorator
    raise e.__cause__  # noqa: B904
    ^^^^^^^^^^^^^^^^^
  File "D:\django_project\bonding\env\Lib\site-packages\django_redis\client\default.py", line 298, in get
    value = client.get(key)
  File "D:\django_project\bonding\env\Lib\site-packages\redis\commands\core.py", line 1923, in get
    return self.execute_command("GET", name, keys=[name])
           ~~~~~~~~~~~~~~~~~~~~^^^^^^^^^^^^^^^^^^^^^^^^^^
  File "D:\django_project\bonding\env\Lib\site-packages\redis\client.py", line 657, in execute_command
    return self._execute_command(*args, **options)
           ~~~~~~~~~~~~~~~~~~~~~^^^^^^^^^^^^^^^^^^
  File "D:\django_project\bonding\env\Lib\site-packages\redis\client.py", line 663, in _execute_command
    conn = self.connection or pool.get_connection()
                              ~~~~~~~~~~~~~~~~~~~^^
  File "D:\django_project\bonding\env\Lib\site-packages\redis\utils.py", line 196, in wrapper
    return func(*args, **kwargs)
  File "D:\django_project\bonding\env\Lib\site-packages\redis\connection.py", line 2603, in get_connection
    connection.connect()
    ~~~~~~~~~~~~~~~~~~^^
  File "D:\django_project\bonding\env\Lib\site-packages\redis\connection.py", line 846, in connect
    self.connect_check_health(check_health=True)
    ~~~~~~~~~~~~~~~~~~~~~~~~~^^^^^^^^^^^^^^^^^^^
  File "D:\django_project\bonding\env\Lib\site-packages\redis\connection.py", line 863, in connect_check_health
    raise ConnectionError(self._error_message(e))
redis.exceptions.ConnectionError: Error 10061 connecting to 127.0.0.1:6379. No connection could be made because the target machine actively refused it.

During handling of the above exception, another exception occurred:

Traceback (most recent call last):
  File "D:\django_project\bonding\env\Lib\site-packages\rest_framework\settings.py", line 177, in import_from_string
    return import_string(val)
  File "D:\django_project\bonding\env\Lib\site-packages\django\utils\module_loading.py", line 30, in import_string
    return cached_import(module_path, class_name)
  File "D:\django_project\bonding\env\Lib\site-packages\django\utils\module_loading.py", line 15, in cached_import
    module = import_module(module_path)
  File "C:\Users\devha\AppData\Local\Programs\Python\Python314\Lib\importlib\__init__.py", line 88, in import_module
    return _bootstrap._gcd_import(name[level:], package, level)
           ~~~~~~~~~~~~~~~~~~~~~~^^^^^^^^^^^^^^^^^^^^^^^^^^^^^^
  File "<frozen importlib._bootstrap>", line 1398, in _gcd_import
  File "<frozen importlib._bootstrap>", line 1371, in _find_and_load
  File "<frozen importlib._bootstrap>", line 1314, in _find_and_load_unlocked
  File "<frozen importlib._bootstrap>", line 491, in _call_with_frames_removed
  File "<frozen importlib._bootstrap>", line 1398, in _gcd_import
  File "<frozen importlib._bootstrap>", line 1371, in _find_and_load
  File "<frozen importlib._bootstrap>", line 1314, in _find_and_load_unlocked
  File "<frozen importlib._bootstrap>", line 491, in _call_with_frames_removed
  File "<frozen importlib._bootstrap>", line 1398, in _gcd_import
  File "<frozen importlib._bootstrap>", line 1371, in _find_and_load
  File "<frozen importlib._bootstrap>", line 1335, in _find_and_load_unlocked
ModuleNotFoundError: No module named 'apps'

During handling of the above exception, another exception occurred:

Traceback (most recent call last):
  File "D:\django_project\bonding\env\Lib\site-packages\django\core\handlers\exception.py", line 55, in inner
    response = get_response(request)
  File "D:\django_project\bonding\env\Lib\site-packages\django\core\handlers\base.py", line 197, in _get_response
    response = wrapped_callback(request, *callback_args, **callback_kwargs)
  File "D:\django_project\bonding\env\Lib\site-packages\django\views\decorators\csrf.py", line 65, in _view_wrapper
    return view_func(request, *args, **kwargs)
  File "D:\django_project\bonding\env\Lib\site-packages\django\views\generic\base.py", line 104, in view
    return self.dispatch(request, *args, **kwargs)
           ~~~~~~~~~~~~~^^^^^^^^^^^^^^^^^^^^^^^^^^
  File "D:\django_project\bonding\env\Lib\site-packages\rest_framework\views.py", line 509, in dispatch
    response = self.handle_exception(exc)
  File "D:\django_project\bonding\env\Lib\site-packages\rest_framework\views.py", line 463, in handle_exception
    exception_handler = self.get_exception_handler()
  File "D:\django_project\bonding\env\Lib\site-packages\rest_framework\views.py", line 298, in get_exception_handler
    return self.settings.EXCEPTION_HANDLER
           ^^^^^^^^^^^^^^^^^^^^^^^^^^^^^^^
  File "D:\django_project\bonding\env\Lib\site-packages\rest_framework\settings.py", line 225, in __getattr__
    val = perform_import(val, attr)
  File "D:\django_project\bonding\env\Lib\site-packages\rest_framework\settings.py", line 166, in perform_import
    return import_from_string(val, setting_name)
  File "D:\django_project\bonding\env\Lib\site-packages\rest_framework\settings.py", line 180, in import_from_string
    raise ImportError(msg)
ImportError: Could not import 'apps.core.exceptions.custom_exception_handler' for API setting 'EXCEPTION_HANDLER'. ModuleNotFoundError: No module named 'apps'.
ERROR 2025-12-04 20:48:31,765 basehttp 28332 4952 "GET /api/docs/ HTTP/1.1" 500 225792
INFO 2025-12-04 20:50:44,179 autoreload 28332 30808 D:\django_project\bonding\bonding\celery.py changed, reloading.
INFO 2025-12-04 20:51:12,192 autoreload 29632 30016 Watching for file changes with StatReloader
ERROR 2025-12-04 20:51:20,476 log 29632 14644 Internal Server Error: /api/docs/
Traceback (most recent call last):
  File "D:\django_project\bonding\env\Lib\site-packages\django_redis\cache.py", line 29, in _decorator
    return method(self, *args, **kwargs)
  File "D:\django_project\bonding\env\Lib\site-packages\django_redis\cache.py", line 99, in _get
    return self.client.get(key, default=default, version=version, client=client)
           ~~~~~~~~~~~~~~~^^^^^^^^^^^^^^^^^^^^^^^^^^^^^^^^^^^^^^^^^^^^^^^^^^^^^^
  File "D:\django_project\bonding\env\Lib\site-packages\django_redis\client\default.py", line 300, in get
    raise ConnectionInterrupted(connection=client) from e
django_redis.exceptions.ConnectionInterrupted: Redis ConnectionError: Error 10061 connecting to 127.0.0.1:6379. No connection could be made because the target machine actively refused it.

During handling of the above exception, another exception occurred:

Traceback (most recent call last):
  File "D:\django_project\bonding\env\Lib\site-packages\rest_framework\views.py", line 497, in dispatch
    self.initial(request, *args, **kwargs)
    ~~~~~~~~~~~~^^^^^^^^^^^^^^^^^^^^^^^^^^
  File "D:\django_project\bonding\env\Lib\site-packages\rest_framework\views.py", line 416, in initial
    self.check_throttles(request)
    ~~~~~~~~~~~~~~~~~~~~^^^^^^^^^
  File "D:\django_project\bonding\env\Lib\site-packages\rest_framework\views.py", line 359, in check_throttles
    if not throttle.allow_request(request, self):
           ~~~~~~~~~~~~~~~~~~~~~~^^^^^^^^^^^^^^^
  File "D:\django_project\bonding\env\Lib\site-packages\rest_framework\throttling.py", line 123, in allow_request
    self.history = self.cache.get(self.key, [])
                   ~~~~~~~~~~~~~~^^^^^^^^^^^^^^
  File "D:\django_project\bonding\env\Lib\site-packages\django_redis\cache.py", line 92, in get
    value = self._get(key, default, version, client)
  File "D:\django_project\bonding\env\Lib\site-packages\django_redis\cache.py", line 36, in _decorator
    raise e.__cause__  # noqa: B904
    ^^^^^^^^^^^^^^^^^
  File "D:\django_project\bonding\env\Lib\site-packages\django_redis\client\default.py", line 298, in get
    value = client.get(key)
  File "D:\django_project\bonding\env\Lib\site-packages\redis\commands\core.py", line 1923, in get
    return self.execute_command("GET", name, keys=[name])
           ~~~~~~~~~~~~~~~~~~~~^^^^^^^^^^^^^^^^^^^^^^^^^^
  File "D:\django_project\bonding\env\Lib\site-packages\redis\client.py", line 657, in execute_command
    return self._execute_command(*args, **options)
           ~~~~~~~~~~~~~~~~~~~~~^^^^^^^^^^^^^^^^^^
  File "D:\django_project\bonding\env\Lib\site-packages\redis\client.py", line 663, in _execute_command
    conn = self.connection or pool.get_connection()
                              ~~~~~~~~~~~~~~~~~~~^^
  File "D:\django_project\bonding\env\Lib\site-packages\redis\utils.py", line 196, in wrapper
    return func(*args, **kwargs)
  File "D:\django_project\bonding\env\Lib\site-packages\redis\connection.py", line 2603, in get_connection
    connection.connect()
    ~~~~~~~~~~~~~~~~~~^^
  File "D:\django_project\bonding\env\Lib\site-packages\redis\connection.py", line 846, in connect
    self.connect_check_health(check_health=True)
    ~~~~~~~~~~~~~~~~~~~~~~~~~^^^^^^^^^^^^^^^^^^^
  File "D:\django_project\bonding\env\Lib\site-packages\redis\connection.py", line 863, in connect_check_health
    raise ConnectionError(self._error_message(e))
redis.exceptions.ConnectionError: Error 10061 connecting to 127.0.0.1:6379. No connection could be made because the target machine actively refused it.

During handling of the above exception, another exception occurred:

Traceback (most recent call last):
  File "D:\django_project\bonding\env\Lib\site-packages\rest_framework\settings.py", line 177, in import_from_string
    return import_string(val)
  File "D:\django_project\bonding\env\Lib\site-packages\django\utils\module_loading.py", line 30, in import_string
    return cached_import(module_path, class_name)
  File "D:\django_project\bonding\env\Lib\site-packages\django\utils\module_loading.py", line 15, in cached_import
    module = import_module(module_path)
  File "C:\Users\devha\AppData\Local\Programs\Python\Python314\Lib\importlib\__init__.py", line 88, in import_module
    return _bootstrap._gcd_import(name[level:], package, level)
           ~~~~~~~~~~~~~~~~~~~~~~^^^^^^^^^^^^^^^^^^^^^^^^^^^^^^
  File "<frozen importlib._bootstrap>", line 1398, in _gcd_import
  File "<frozen importlib._bootstrap>", line 1371, in _find_and_load
  File "<frozen importlib._bootstrap>", line 1314, in _find_and_load_unlocked
  File "<frozen importlib._bootstrap>", line 491, in _call_with_frames_removed
  File "<frozen importlib._bootstrap>", line 1398, in _gcd_import
  File "<frozen importlib._bootstrap>", line 1371, in _find_and_load
  File "<frozen importlib._bootstrap>", line 1314, in _find_and_load_unlocked
  File "<frozen importlib._bootstrap>", line 491, in _call_with_frames_removed
  File "<frozen importlib._bootstrap>", line 1398, in _gcd_import
  File "<frozen importlib._bootstrap>", line 1371, in _find_and_load
  File "<frozen importlib._bootstrap>", line 1335, in _find_and_load_unlocked
ModuleNotFoundError: No module named 'apps'

During handling of the above exception, another exception occurred:

Traceback (most recent call last):
  File "D:\django_project\bonding\env\Lib\site-packages\django\core\handlers\exception.py", line 55, in inner
    response = get_response(request)
  File "D:\django_project\bonding\env\Lib\site-packages\django\core\handlers\base.py", line 197, in _get_response
    response = wrapped_callback(request, *callback_args, **callback_kwargs)
  File "D:\django_project\bonding\env\Lib\site-packages\django\views\decorators\csrf.py", line 65, in _view_wrapper
    return view_func(request, *args, **kwargs)
  File "D:\django_project\bonding\env\Lib\site-packages\django\views\generic\base.py", line 104, in view
    return self.dispatch(request, *args, **kwargs)
           ~~~~~~~~~~~~~^^^^^^^^^^^^^^^^^^^^^^^^^^
  File "D:\django_project\bonding\env\Lib\site-packages\rest_framework\views.py", line 509, in dispatch
    response = self.handle_exception(exc)
  File "D:\django_project\bonding\env\Lib\site-packages\rest_framework\views.py", line 463, in handle_exception
    exception_handler = self.get_exception_handler()
  File "D:\django_project\bonding\env\Lib\site-packages\rest_framework\views.py", line 298, in get_exception_handler
    return self.settings.EXCEPTION_HANDLER
           ^^^^^^^^^^^^^^^^^^^^^^^^^^^^^^^
  File "D:\django_project\bonding\env\Lib\site-packages\rest_framework\settings.py", line 225, in __getattr__
    val = perform_import(val, attr)
  File "D:\django_project\bonding\env\Lib\site-packages\rest_framework\settings.py", line 166, in perform_import
    return import_from_string(val, setting_name)
  File "D:\django_project\bonding\env\Lib\site-packages\rest_framework\settings.py", line 180, in import_from_string
    raise ImportError(msg)
ImportError: Could not import 'apps.core.exceptions.custom_exception_handler' for API setting 'EXCEPTION_HANDLER'. ModuleNotFoundError: No module named 'apps'.
ERROR 2025-12-04 20:51:20,493 basehttp 29632 14644 "GET /api/docs/ HTTP/1.1" 500 225887
INFO 2025-12-04 20:52:42,532 autoreload 29632 30016 D:\django_project\bonding\bonding\settings.py changed, reloading.
INFO 2025-12-04 20:52:43,138 autoreload 26652 21652 Watching for file changes with StatReloader
INFO 2025-12-04 20:52:49,782 autoreload 26652 21652 D:\django_project\bonding\bonding\settings.py changed, reloading.
INFO 2025-12-04 20:52:50,415 autoreload 16112 7760 Watching for file changes with StatReloader
ERROR 2025-12-04 20:53:01,505 exceptions 16112 29740 Unhandled exception: Error 10061 connecting to 127.0.0.1:6379. No connection could be made because the target machine actively refused it.
Traceback (most recent call last):
  File "D:\django_project\bonding\env\Lib\site-packages\django_redis\cache.py", line 29, in _decorator
    return method(self, *args, **kwargs)
  File "D:\django_project\bonding\env\Lib\site-packages\django_redis\cache.py", line 99, in _get
    return self.client.get(key, default=default, version=version, client=client)
           ~~~~~~~~~~~~~~~^^^^^^^^^^^^^^^^^^^^^^^^^^^^^^^^^^^^^^^^^^^^^^^^^^^^^^
  File "D:\django_project\bonding\env\Lib\site-packages\django_redis\client\default.py", line 300, in get
    raise ConnectionInterrupted(connection=client) from e
django_redis.exceptions.ConnectionInterrupted: Redis ConnectionError: Error 10061 connecting to 127.0.0.1:6379. No connection could be made because the target machine actively refused it.

During handling of the above exception, another exception occurred:

Traceback (most recent call last):
  File "D:\django_project\bonding\env\Lib\site-packages\rest_framework\views.py", line 497, in dispatch
    self.initial(request, *args, **kwargs)
    ~~~~~~~~~~~~^^^^^^^^^^^^^^^^^^^^^^^^^^
  File "D:\django_project\bonding\env\Lib\site-packages\rest_framework\views.py", line 416, in initial
    self.check_throttles(request)
    ~~~~~~~~~~~~~~~~~~~~^^^^^^^^^
  File "D:\django_project\bonding\env\Lib\site-packages\rest_framework\views.py", line 359, in check_throttles
    if not throttle.allow_request(request, self):
           ~~~~~~~~~~~~~~~~~~~~~~^^^^^^^^^^^^^^^
  File "D:\django_project\bonding\env\Lib\site-packages\rest_framework\throttling.py", line 123, in allow_request
    self.history = self.cache.get(self.key, [])
                   ~~~~~~~~~~~~~~^^^^^^^^^^^^^^
  File "D:\django_project\bonding\env\Lib\site-packages\django_redis\cache.py", line 92, in get
    value = self._get(key, default, version, client)
  File "D:\django_project\bonding\env\Lib\site-packages\django_redis\cache.py", line 36, in _decorator
    raise e.__cause__  # noqa: B904
    ^^^^^^^^^^^^^^^^^
  File "D:\django_project\bonding\env\Lib\site-packages\django_redis\client\default.py", line 298, in get
    value = client.get(key)
  File "D:\django_project\bonding\env\Lib\site-packages\redis\commands\core.py", line 1923, in get
    return self.execute_command("GET", name, keys=[name])
           ~~~~~~~~~~~~~~~~~~~~^^^^^^^^^^^^^^^^^^^^^^^^^^
  File "D:\django_project\bonding\env\Lib\site-packages\redis\client.py", line 657, in execute_command
    return self._execute_command(*args, **options)
           ~~~~~~~~~~~~~~~~~~~~~^^^^^^^^^^^^^^^^^^
  File "D:\django_project\bonding\env\Lib\site-packages\redis\client.py", line 663, in _execute_command
    conn = self.connection or pool.get_connection()
                              ~~~~~~~~~~~~~~~~~~~^^
  File "D:\django_project\bonding\env\Lib\site-packages\redis\utils.py", line 196, in wrapper
    return func(*args, **kwargs)
  File "D:\django_project\bonding\env\Lib\site-packages\redis\connection.py", line 2603, in get_connection
    connection.connect()
    ~~~~~~~~~~~~~~~~~~^^
  File "D:\django_project\bonding\env\Lib\site-packages\redis\connection.py", line 846, in connect
    self.connect_check_health(check_health=True)
    ~~~~~~~~~~~~~~~~~~~~~~~~~^^^^^^^^^^^^^^^^^^^
  File "D:\django_project\bonding\env\Lib\site-packages\redis\connection.py", line 863, in connect_check_health
    raise ConnectionError(self._error_message(e))
redis.exceptions.ConnectionError: Error 10061 connecting to 127.0.0.1:6379. No connection could be made because the target machine actively refused it.
ERROR 2025-12-04 20:53:01,535 log 16112 29740 Internal Server Error: /api/docs/
ERROR 2025-12-04 20:53:01,536 basehttp 16112 29740 "GET /api/docs/ HTTP/1.1" 500 25
INFO 2025-12-04 20:53:01,552 basehttp 16112 30064 "GET /admin/ HTTP/1.1" 200 6357
ERROR 2025-12-04 20:53:04,912 exceptions 16112 30064 Unhandled exception: Error 10061 connecting to 127.0.0.1:6379. No connection could be made because the target machine actively refused it.
Traceback (most recent call last):
  File "D:\django_project\bonding\env\Lib\site-packages\django_redis\cache.py", line 29, in _decorator
    return method(self, *args, **kwargs)
  File "D:\django_project\bonding\env\Lib\site-packages\django_redis\cache.py", line 99, in _get
    return self.client.get(key, default=default, version=version, client=client)
           ~~~~~~~~~~~~~~~^^^^^^^^^^^^^^^^^^^^^^^^^^^^^^^^^^^^^^^^^^^^^^^^^^^^^^
  File "D:\django_project\bonding\env\Lib\site-packages\django_redis\client\default.py", line 300, in get
    raise ConnectionInterrupted(connection=client) from e
django_redis.exceptions.ConnectionInterrupted: Redis ConnectionError: Error 10061 connecting to 127.0.0.1:6379. No connection could be made because the target machine actively refused it.

During handling of the above exception, another exception occurred:

Traceback (most recent call last):
  File "D:\django_project\bonding\env\Lib\site-packages\rest_framework\views.py", line 497, in dispatch
    self.initial(request, *args, **kwargs)
    ~~~~~~~~~~~~^^^^^^^^^^^^^^^^^^^^^^^^^^
  File "D:\django_project\bonding\env\Lib\site-packages\rest_framework\views.py", line 416, in initial
    self.check_throttles(request)
    ~~~~~~~~~~~~~~~~~~~~^^^^^^^^^
  File "D:\django_project\bonding\env\Lib\site-packages\rest_framework\views.py", line 359, in check_throttles
    if not throttle.allow_request(request, self):
           ~~~~~~~~~~~~~~~~~~~~~~^^^^^^^^^^^^^^^
  File "D:\django_project\bonding\env\Lib\site-packages\rest_framework\throttling.py", line 123, in allow_request
    self.history = self.cache.get(self.key, [])
                   ~~~~~~~~~~~~~~^^^^^^^^^^^^^^
  File "D:\django_project\bonding\env\Lib\site-packages\django_redis\cache.py", line 92, in get
    value = self._get(key, default, version, client)
  File "D:\django_project\bonding\env\Lib\site-packages\django_redis\cache.py", line 36, in _decorator
    raise e.__cause__  # noqa: B904
    ^^^^^^^^^^^^^^^^^
  File "D:\django_project\bonding\env\Lib\site-packages\django_redis\client\default.py", line 298, in get
    value = client.get(key)
  File "D:\django_project\bonding\env\Lib\site-packages\redis\commands\core.py", line 1923, in get
    return self.execute_command("GET", name, keys=[name])
           ~~~~~~~~~~~~~~~~~~~~^^^^^^^^^^^^^^^^^^^^^^^^^^
  File "D:\django_project\bonding\env\Lib\site-packages\redis\client.py", line 657, in execute_command
    return self._execute_command(*args, **options)
           ~~~~~~~~~~~~~~~~~~~~~^^^^^^^^^^^^^^^^^^
  File "D:\django_project\bonding\env\Lib\site-packages\redis\client.py", line 663, in _execute_command
    conn = self.connection or pool.get_connection()
                              ~~~~~~~~~~~~~~~~~~~^^
  File "D:\django_project\bonding\env\Lib\site-packages\redis\utils.py", line 196, in wrapper
    return func(*args, **kwargs)
  File "D:\django_project\bonding\env\Lib\site-packages\redis\connection.py", line 2603, in get_connection
    connection.connect()
    ~~~~~~~~~~~~~~~~~~^^
  File "D:\django_project\bonding\env\Lib\site-packages\redis\connection.py", line 846, in connect
    self.connect_check_health(check_health=True)
    ~~~~~~~~~~~~~~~~~~~~~~~~~^^^^^^^^^^^^^^^^^^^
  File "D:\django_project\bonding\env\Lib\site-packages\redis\connection.py", line 863, in connect_check_health
    raise ConnectionError(self._error_message(e))
redis.exceptions.ConnectionError: Error 10061 connecting to 127.0.0.1:6379. No connection could be made because the target machine actively refused it.
ERROR 2025-12-04 20:53:04,916 log 16112 30064 Internal Server Error: /api/docs/
ERROR 2025-12-04 20:53:04,916 basehttp 16112 30064 "GET /api/docs/ HTTP/1.1" 500 25
INFO 2025-12-04 20:53:07,560 basehttp 16112 30064 "GET /admin/ HTTP/1.1" 200 6357
WARNING 2025-12-04 20:53:15,046 basehttp 16112 30064 "GET / HTTP/1.1" 404 2801
WARNING 2025-12-04 20:53:21,765 basehttp 16112 30064 "GET /api/shema HTTP/1.1" 404 2846
WARNING 2025-12-04 20:53:27,287 basehttp 16112 30064 "GET /api/shema/ HTTP/1.1" 404 2849
ERROR 2025-12-04 20:53:37,032 exceptions 16112 30064 Unhandled exception: Error 10061 connecting to 127.0.0.1:6379. No connection could be made because the target machine actively refused it.
Traceback (most recent call last):
  File "D:\django_project\bonding\env\Lib\site-packages\django_redis\cache.py", line 29, in _decorator
    return method(self, *args, **kwargs)
  File "D:\django_project\bonding\env\Lib\site-packages\django_redis\cache.py", line 99, in _get
    return self.client.get(key, default=default, version=version, client=client)
           ~~~~~~~~~~~~~~~^^^^^^^^^^^^^^^^^^^^^^^^^^^^^^^^^^^^^^^^^^^^^^^^^^^^^^
  File "D:\django_project\bonding\env\Lib\site-packages\django_redis\client\default.py", line 300, in get
    raise ConnectionInterrupted(connection=client) from e
django_redis.exceptions.ConnectionInterrupted: Redis ConnectionError: Error 10061 connecting to 127.0.0.1:6379. No connection could be made because the target machine actively refused it.

During handling of the above exception, another exception occurred:

Traceback (most recent call last):
  File "D:\django_project\bonding\env\Lib\site-packages\rest_framework\views.py", line 497, in dispatch
    self.initial(request, *args, **kwargs)
    ~~~~~~~~~~~~^^^^^^^^^^^^^^^^^^^^^^^^^^
  File "D:\django_project\bonding\env\Lib\site-packages\rest_framework\views.py", line 416, in initial
    self.check_throttles(request)
    ~~~~~~~~~~~~~~~~~~~~^^^^^^^^^
  File "D:\django_project\bonding\env\Lib\site-packages\rest_framework\views.py", line 359, in check_throttles
    if not throttle.allow_request(request, self):
           ~~~~~~~~~~~~~~~~~~~~~~^^^^^^^^^^^^^^^
  File "D:\django_project\bonding\env\Lib\site-packages\rest_framework\throttling.py", line 123, in allow_request
    self.history = self.cache.get(self.key, [])
                   ~~~~~~~~~~~~~~^^^^^^^^^^^^^^
  File "D:\django_project\bonding\env\Lib\site-packages\django_redis\cache.py", line 92, in get
    value = self._get(key, default, version, client)
  File "D:\django_project\bonding\env\Lib\site-packages\django_redis\cache.py", line 36, in _decorator
    raise e.__cause__  # noqa: B904
    ^^^^^^^^^^^^^^^^^
  File "D:\django_project\bonding\env\Lib\site-packages\django_redis\client\default.py", line 298, in get
    value = client.get(key)
  File "D:\django_project\bonding\env\Lib\site-packages\redis\commands\core.py", line 1923, in get
    return self.execute_command("GET", name, keys=[name])
           ~~~~~~~~~~~~~~~~~~~~^^^^^^^^^^^^^^^^^^^^^^^^^^
  File "D:\django_project\bonding\env\Lib\site-packages\redis\client.py", line 657, in execute_command
    return self._execute_command(*args, **options)
           ~~~~~~~~~~~~~~~~~~~~~^^^^^^^^^^^^^^^^^^
  File "D:\django_project\bonding\env\Lib\site-packages\redis\client.py", line 663, in _execute_command
    conn = self.connection or pool.get_connection()
                              ~~~~~~~~~~~~~~~~~~~^^
  File "D:\django_project\bonding\env\Lib\site-packages\redis\utils.py", line 196, in wrapper
    return func(*args, **kwargs)
  File "D:\django_project\bonding\env\Lib\site-packages\redis\connection.py", line 2603, in get_connection
    connection.connect()
    ~~~~~~~~~~~~~~~~~~^^
  File "D:\django_project\bonding\env\Lib\site-packages\redis\connection.py", line 846, in connect
    self.connect_check_health(check_health=True)
    ~~~~~~~~~~~~~~~~~~~~~~~~~^^^^^^^^^^^^^^^^^^^
  File "D:\django_project\bonding\env\Lib\site-packages\redis\connection.py", line 863, in connect_check_health
    raise ConnectionError(self._error_message(e))
redis.exceptions.ConnectionError: Error 10061 connecting to 127.0.0.1:6379. No connection could be made because the target machine actively refused it.
ERROR 2025-12-04 20:53:37,037 log 16112 30064 Internal Server Error: /api/docs/
ERROR 2025-12-04 20:53:37,037 basehttp 16112 30064 "GET /api/docs/ HTTP/1.1" 500 25
INFO 2025-12-04 20:53:49,307 autoreload 16112 7760 D:\django_project\bonding\bonding\settings.py changed, reloading.
INFO 2025-12-04 20:53:49,910 autoreload 4952 24440 Watching for file changes with StatReloader
INFO 2025-12-04 20:53:55,530 autoreload 4952 24440 D:\django_project\bonding\bonding\settings.py changed, reloading.
INFO 2025-12-04 20:53:56,132 autoreload 2868 15848 Watching for file changes with StatReloader
INFO 2025-12-04 20:53:59,681 autoreload 2868 15848 D:\django_project\bonding\bonding\settings.py changed, reloading.
INFO 2025-12-04 20:54:00,289 autoreload 19276 24036 Watching for file changes with StatReloader
INFO 2025-12-04 20:54:01,830 autoreload 19276 24036 D:\django_project\bonding\bonding\settings.py changed, reloading.
INFO 2025-12-04 20:54:02,862 autoreload 11912 26272 Watching for file changes with StatReloader
WARNING 2025-12-04 20:54:03,294 basehttp 11912 28740 "GET /api/shema/ HTTP/1.1" 404 2849
WARNING 2025-12-04 20:54:03,996 basehttp 11912 28740 "GET /api/shema/ HTTP/1.1" 404 2849
WARNING 2025-12-04 20:54:04,412 basehttp 11912 28740 "GET /api/shema/ HTTP/1.1" 404 2849
ERROR 2025-12-04 20:54:15,231 log 11912 28740 Internal Server Error: /api/docs/
ERROR 2025-12-04 20:54:15,231 basehttp 11912 28740 "GET /api/docs/ HTTP/1.1" 500 25
ERROR 2025-12-04 20:54:23,983 log 11912 28740 Internal Server Error: /api/docs/
ERROR 2025-12-04 20:54:23,983 basehttp 11912 28740 "GET /api/docs/ HTTP/1.1" 500 25
INFO 2025-12-04 20:58:29,339 autoreload 11912 26272 D:\django_project\bonding\bonding\settings.py changed, reloading.
INFO 2025-12-04 20:58:29,955 autoreload 14488 30844 Watching for file changes with StatReloader
INFO 2025-12-04 20:58:33,482 autoreload 14488 30844 D:\django_project\bonding\bonding\settings.py changed, reloading.
INFO 2025-12-04 20:58:34,126 autoreload 18968 25148 Watching for file changes with StatReloader
INFO 2025-12-04 20:58:38,670 autoreload 18968 25148 D:\django_project\bonding\bonding\settings.py changed, reloading.
INFO 2025-12-04 20:58:39,262 autoreload 11688 5336 Watching for file changes with StatReloader
INFO 2025-12-04 20:58:40,680 autoreload 11688 5336 D:\django_project\bonding\bonding\settings.py changed, reloading.
INFO 2025-12-04 20:58:41,238 autoreload 25512 7280 Watching for file changes with StatReloader
INFO 2025-12-04 20:58:46,202 basehttp 25512 5304 "GET /api/docs/ HTTP/1.1" 200 4457
INFO 2025-12-04 20:58:47,316 basehttp 25512 5304 "GET /api/schema/ HTTP/1.1" 200 1191
WARNING 2025-12-04 20:59:04,791 basehttp 25512 5304 "GET /api/shema HTTP/1.1" 404 2846
WARNING 2025-12-04 20:59:08,406 basehttp 25512 5304 "GET /api/shema/ HTTP/1.1" 404 2849
INFO 2025-12-04 20:59:17,067 basehttp 25512 5304 "GET /api/schema/ HTTP/1.1" 200 691
INFO 2025-12-04 20:59:40,420 basehttp 25512 5304 "GET /api/redoc/ HTTP/1.1" 200 731
INFO 2025-12-04 20:59:42,670 basehttp 25512 5304 "GET /api/schema/ HTTP/1.1" 200 691
INFO 2025-12-04 21:00:04,000 basehttp 25512 5304 "GET /api/redoc/ HTTP/1.1" 200 731
INFO 2025-12-04 21:00:04,059 basehttp 25512 5304 "GET /api/schema/ HTTP/1.1" 200 691
INFO 2025-12-04 21:00:07,087 basehttp 25512 5304 "GET /api/schema/ HTTP/1.1" 200 691
INFO 2025-12-04 21:00:26,011 basehttp 25512 5304 "GET /admin/ HTTP/1.1" 200 6357
INFO 2025-12-04 21:02:22,329 autoreload 25512 7280 D:\django_project\bonding\bondingapp\admin.py changed, reloading.
INFO 2025-12-04 21:02:23,484 autoreload 29308 11436 Watching for file changes with StatReloader
INFO 2025-12-04 21:02:34,366 autoreload 29308 11436 D:\django_project\bonding\bondingapp\admin.py changed, reloading.
INFO 2025-12-04 21:02:34,977 autoreload 16212 14640 Watching for file changes with StatReloader
INFO 2025-12-04 21:03:58,172 autoreload 16212 14640 D:\django_project\bonding\bondingapp\admin.py changed, reloading.
INFO 2025-12-04 21:03:58,727 autoreload 30020 9716 Watching for file changes with StatReloader
INFO 2025-12-04 21:04:31,345 autoreload 30020 9716 D:\django_project\bonding\bondingapp\admin.py changed, reloading.
INFO 2025-12-04 21:04:31,969 autoreload 29948 31340 Watching for file changes with StatReloader
INFO 2025-12-04 21:05:06,567 autoreload 29948 31340 D:\django_project\bonding\bondingapp\admin.py changed, reloading.
INFO 2025-12-04 21:05:07,111 autoreload 22192 9568 Watching for file changes with StatReloader
INFO 2025-12-04 21:05:08,396 autoreload 22192 9568 D:\django_project\bonding\bondingapp\admin.py changed, reloading.
INFO 2025-12-04 21:05:08,996 autoreload 31116 1464 Watching for file changes with StatReloader
INFO 2025-12-04 21:05:21,380 autoreload 31116 1464 D:\django_project\bonding\bondingapp\admin.py changed, reloading.
INFO 2025-12-04 21:05:21,997 autoreload 5864 26536 Watching for file changes with StatReloader
INFO 2025-12-04 21:05:29,365 autoreload 5864 26536 D:\django_project\bonding\bondingapp\admin.py changed, reloading.
INFO 2025-12-04 21:05:29,968 autoreload 25320 23648 Watching for file changes with StatReloader
INFO 2025-12-04 21:06:02,679 autoreload 25320 23648 D:\django_project\bonding\bonding\settings.py changed, reloading.
INFO 2025-12-04 21:06:03,614 autoreload 8344 26996 Watching for file changes with StatReloader
INFO 2025-12-04 21:06:25,237 autoreload 8344 26996 D:\django_project\bonding\bonding\urls.py changed, reloading.
INFO 2025-12-04 21:06:26,249 autoreload 12064 7284 Watching for file changes with StatReloader
INFO 2025-12-04 21:06:56,865 autoreload 5100 10660 Watching for file changes with StatReloader
INFO 2025-12-04 21:07:15,863 autoreload 5100 10660 D:\django_project\bonding\bonding\settings.py changed, reloading.
INFO 2025-12-04 21:07:16,446 autoreload 13944 21968 Watching for file changes with StatReloader
INFO 2025-12-04 21:07:21,994 autoreload 13944 21968 D:\django_project\bonding\bonding\settings.py changed, reloading.
INFO 2025-12-04 21:07:22,680 autoreload 28928 25984 Watching for file changes with StatReloader
INFO 2025-12-04 21:07:26,200 autoreload 28928 25984 D:\django_project\bonding\bonding\urls.py changed, reloading.
INFO 2025-12-04 21:07:26,798 autoreload 26536 21160 Watching for file changes with StatReloader
INFO 2025-12-04 21:08:18,556 autoreload 26536 21160 D:\django_project\bonding\bonding\urls.py changed, reloading.
INFO 2025-12-04 21:08:19,261 autoreload 7824 20972 Watching for file changes with StatReloader
INFO 2025-12-04 21:09:01,321 autoreload 7824 20972 D:\django_project\bonding\bondingapp\admin.py changed, reloading.
INFO 2025-12-04 21:09:01,959 autoreload 31084 6980 Watching for file changes with StatReloader
INFO 2025-12-04 21:09:04,630 autoreload 31084 6980 D:\django_project\bonding\bondingapp\admin.py changed, reloading.
INFO 2025-12-04 21:09:05,585 autoreload 26676 20040 Watching for file changes with StatReloader
INFO 2025-12-04 21:09:33,383 autoreload 26676 20040 D:\django_project\bonding\bondingapp\admin.py changed, reloading.
INFO 2025-12-04 21:09:34,077 autoreload 14108 26444 Watching for file changes with StatReloader
INFO 2025-12-04 21:09:50,409 autoreload 14108 26444 D:\django_project\bonding\bonding\urls.py changed, reloading.
INFO 2025-12-04 21:09:51,004 autoreload 13800 18988 Watching for file changes with StatReloader
INFO 2025-12-04 21:10:25,859 autoreload 13800 18988 D:\django_project\bonding\bondingapp\admin.py changed, reloading.
INFO 2025-12-04 21:10:26,498 autoreload 13768 7324 Watching for file changes with StatReloader
INFO 2025-12-04 21:10:29,840 autoreload 13768 7324 D:\django_project\bonding\bondingapp\admin.py changed, reloading.
INFO 2025-12-04 21:10:30,433 autoreload 21936 29588 Watching for file changes with StatReloader
INFO 2025-12-04 21:11:01,985 autoreload 21936 29588 D:\django_project\bonding\bondingapp\admin.py changed, reloading.
INFO 2025-12-04 21:11:02,656 autoreload 31244 25280 Watching for file changes with StatReloader
INFO 2025-12-04 21:11:04,240 autoreload 31244 25280 D:\django_project\bonding\bondingapp\admin.py changed, reloading.
INFO 2025-12-04 21:11:05,180 autoreload 15836 21692 Watching for file changes with StatReloader
INFO 2025-12-04 21:11:12,011 autoreload 15836 21692 D:\django_project\bonding\bondingapp\admin.py changed, reloading.
INFO 2025-12-04 21:11:12,679 autoreload 14248 30244 Watching for file changes with StatReloader
INFO 2025-12-04 21:11:13,993 autoreload 14248 30244 D:\django_project\bonding\bondingapp\admin.py changed, reloading.
INFO 2025-12-04 21:11:14,716 autoreload 20660 10052 Watching for file changes with StatReloader
INFO 2025-12-04 21:11:17,438 basehttp 20660 8064 "GET /admin/ HTTP/1.1" 200 13003
INFO 2025-12-04 21:11:17,464 basehttp 20660 8064 "GET /static/admin/css/base.css HTTP/1.1" 304 0
INFO 2025-12-04 21:11:17,465 basehttp 20660 8512 "GET /static/admin/css/dark_mode.css HTTP/1.1" 304 0
INFO 2025-12-04 21:11:17,467 basehttp 20660 29420 "GET /static/admin/css/nav_sidebar.css HTTP/1.1" 304 0
INFO 2025-12-04 21:11:17,468 basehttp 20660 29880 "GET /static/admin/css/dashboard.css HTTP/1.1" 304 0
INFO 2025-12-04 21:11:17,468 basehttp 20660 29420 "GET /static/admin/css/responsive.css HTTP/1.1" 304 0
INFO 2025-12-04 21:11:17,471 basehttp 20660 29420 "GET /static/admin/js/theme.js HTTP/1.1" 304 0
INFO 2025-12-04 21:11:17,471 basehttp 20660 29880 "GET /static/admin/js/nav_sidebar.js HTTP/1.1" 304 0
INFO 2025-12-04 21:11:17,476 basehttp 20660 29420 "GET /static/admin/img/icon-changelink.svg HTTP/1.1" 304 0
INFO 2025-12-04 21:11:17,476 basehttp 20660 29880 "GET /static/admin/img/icon-addlink.svg HTTP/1.1" 304 0
ERROR 2025-12-04 21:11:23,356 log 20660 29880 Internal Server Error: /admin/bondingapp/activitycategory/
Traceback (most recent call last):
  File "D:\django_project\bonding\env\Lib\site-packages\django\core\handlers\exception.py", line 55, in inner
    response = get_response(request)
  File "D:\django_project\bonding\env\Lib\site-packages\django\core\handlers\base.py", line 220, in _get_response
    response = response.render()
  File "D:\django_project\bonding\env\Lib\site-packages\django\template\response.py", line 114, in render
    self.content = self.rendered_content
                   ^^^^^^^^^^^^^^^^^^^^^
  File "D:\django_project\bonding\env\Lib\site-packages\django\template\response.py", line 92, in rendered_content
    return template.render(context, self._request)
           ~~~~~~~~~~~~~~~^^^^^^^^^^^^^^^^^^^^^^^^
  File "D:\django_project\bonding\env\Lib\site-packages\django\template\backends\django.py", line 61, in render
    return self.template.render(context)
           ~~~~~~~~~~~~~~~~~~~~^^^^^^^^^
  File "D:\django_project\bonding\env\Lib\site-packages\django\template\base.py", line 171, in render
    return self._render(context)
           ~~~~~~~~~~~~^^^^^^^^^
  File "D:\django_project\bonding\env\Lib\site-packages\django\test\utils.py", line 111, in instrumented_test_render
    return self.nodelist.render(context)
           ~~~~~~~~~~~~~~~~~~~~^^^^^^^^^
  File "D:\django_project\bonding\env\Lib\site-packages\django\template\base.py", line 1000, in render
    return SafeString("".join([node.render_annotated(context) for node in self]))
                               ~~~~~~~~~~~~~~~~~~~~~^^^^^^^^^
  File "D:\django_project\bonding\env\Lib\site-packages\django\template\base.py", line 961, in render_annotated
    return self.render(context)
           ~~~~~~~~~~~^^^^^^^^^
  File "D:\django_project\bonding\env\Lib\site-packages\django\template\loader_tags.py", line 159, in render
    return compiled_parent._render(context)
           ~~~~~~~~~~~~~~~~~~~~~~~^^^^^^^^^
  File "D:\django_project\bonding\env\Lib\site-packages\django\test\utils.py", line 111, in instrumented_test_render
    return self.nodelist.render(context)
           ~~~~~~~~~~~~~~~~~~~~^^^^^^^^^
  File "D:\django_project\bonding\env\Lib\site-packages\django\template\base.py", line 1000, in render
    return SafeString("".join([node.render_annotated(context) for node in self]))
                               ~~~~~~~~~~~~~~~~~~~~~^^^^^^^^^
  File "D:\django_project\bonding\env\Lib\site-packages\django\template\base.py", line 961, in render_annotated
    return self.render(context)
           ~~~~~~~~~~~^^^^^^^^^
  File "D:\django_project\bonding\env\Lib\site-packages\django\template\loader_tags.py", line 159, in render
    return compiled_parent._render(context)
           ~~~~~~~~~~~~~~~~~~~~~~~^^^^^^^^^
  File "D:\django_project\bonding\env\Lib\site-packages\django\test\utils.py", line 111, in instrumented_test_render
    return self.nodelist.render(context)
           ~~~~~~~~~~~~~~~~~~~~^^^^^^^^^
  File "D:\django_project\bonding\env\Lib\site-packages\django\template\base.py", line 1000, in render
    return SafeString("".join([node.render_annotated(context) for node in self]))
                               ~~~~~~~~~~~~~~~~~~~~~^^^^^^^^^
  File "D:\django_project\bonding\env\Lib\site-packages\django\template\base.py", line 961, in render_annotated
    return self.render(context)
           ~~~~~~~~~~~^^^^^^^^^
  File "D:\django_project\bonding\env\Lib\site-packages\django\template\loader_tags.py", line 65, in render
    result = block.nodelist.render(context)
  File "D:\django_project\bonding\env\Lib\site-packages\django\template\base.py", line 1000, in render
    return SafeString("".join([node.render_annotated(context) for node in self]))
                               ~~~~~~~~~~~~~~~~~~~~~^^^^^^^^^
  File "D:\django_project\bonding\env\Lib\site-packages\django\template\base.py", line 961, in render_annotated
    return self.render(context)
           ~~~~~~~~~~~^^^^^^^^^
  File "D:\django_project\bonding\env\Lib\site-packages\django\template\loader_tags.py", line 65, in render
    result = block.nodelist.render(context)
  File "D:\django_project\bonding\env\Lib\site-packages\django\template\base.py", line 1000, in render
    return SafeString("".join([node.render_annotated(context) for node in self]))
                               ~~~~~~~~~~~~~~~~~~~~~^^^^^^^^^
  File "D:\django_project\bonding\env\Lib\site-packages\django\template\base.py", line 961, in render_annotated
    return self.render(context)
           ~~~~~~~~~~~^^^^^^^^^
  File "D:\django_project\bonding\env\Lib\site-packages\django\template\loader_tags.py", line 65, in render
    result = block.nodelist.render(context)
  File "D:\django_project\bonding\env\Lib\site-packages\django\template\base.py", line 1000, in render
    return SafeString("".join([node.render_annotated(context) for node in self]))
                               ~~~~~~~~~~~~~~~~~~~~~^^^^^^^^^
  File "D:\django_project\bonding\env\Lib\site-packages\django\template\base.py", line 961, in render_annotated
    return self.render(context)
           ~~~~~~~~~~~^^^^^^^^^
  File "D:\django_project\bonding\env\Lib\site-packages\django\contrib\admin\templatetags\base.py", line 45, in render
    return super().render(context)
           ~~~~~~~~~~~~~~^^^^^^^^^
  File "D:\django_project\bonding\env\Lib\site-packages\django\template\library.py", line 271, in render
    new_context = context.new(_dict)
  File "D:\django_project\bonding\env\Lib\site-packages\django\template\context.py", line 273, in new
    new_context = super().new(values)
  File "D:\django_project\bonding\env\Lib\site-packages\django\template\context.py", line 110, in new
    new_context = copy(self)
  File "C:\Users\devha\AppData\Local\Programs\Python\Python314\Lib\copy.py", line 82, in copy
    return copier(x)
  File "D:\django_project\bonding\env\Lib\site-packages\django\template\context.py", line 158, in __copy__
    duplicate = super().__copy__()
  File "D:\django_project\bonding\env\Lib\site-packages\django\template\context.py", line 39, in __copy__
    duplicate.dicts = self.dicts[:]
    ^^^^^^^^^^^^^^^
AttributeError: 'super' object has no attribute 'dicts' and no __dict__ for setting new attributes
ERROR 2025-12-04 21:11:23,365 basehttp 20660 29880 "GET /admin/bondingapp/activitycategory/ HTTP/1.1" 500 475186
INFO 2025-12-04 21:13:38,795 autoreload 12400 21624 Watching for file changes with StatReloader
INFO 2025-12-04 21:13:43,244 basehttp 12400 11188 "GET /admin/bondingapp/activitycategory/ HTTP/1.1" 200 17100
INFO 2025-12-04 21:13:43,275 basehttp 12400 11188 "GET /static/admin/css/changelists.css HTTP/1.1" 200 6878
INFO 2025-12-04 21:13:43,275 basehttp 12400 19916 "GET /static/admin/css/forms.css HTTP/1.1" 200 8525
INFO 2025-12-04 21:13:43,281 basehttp 12400 31600 "GET /static/admin/js/jquery.init.js HTTP/1.1" 200 347
INFO 2025-12-04 21:13:43,285 basehttp 12400 19916 "GET /static/admin/js/actions.js HTTP/1.1" 200 8076
INFO 2025-12-04 21:13:43,285 basehttp 12400 11188 "GET /static/admin/js/admin/RelatedObjectLookups.js HTTP/1.1" 200 9777
INFO 2025-12-04 21:13:43,285 basehttp 12400 13772 "GET /static/admin/js/core.js HTTP/1.1" 200 6208
INFO 2025-12-04 21:13:43,289 basehttp 12400 31600 "GET /static/admin/css/widgets.css HTTP/1.1" 200 11973
INFO 2025-12-04 21:13:43,293 basehttp 12400 19916 "GET /static/admin/js/urlify.js HTTP/1.1" 200 7887
INFO 2025-12-04 21:13:43,293 basehttp 12400 31624 "GET /admin/jsi18n/ HTTP/1.1" 200 3342
INFO 2025-12-04 21:13:43,294 basehttp 12400 11188 "GET /static/admin/js/prepopulate.js HTTP/1.1" 200 1531
INFO 2025-12-04 21:13:43,296 basehttp 12400 22400 "GET /static/admin/js/vendor/jquery/jquery.js HTTP/1.1" 200 285314
INFO 2025-12-04 21:13:43,298 basehttp 12400 11188 "GET /static/admin/img/search.svg HTTP/1.1" 200 458
INFO 2025-12-04 21:13:43,299 basehttp 12400 13772 "GET /static/admin/js/vendor/xregexp/xregexp.js HTTP/1.1" 200 325171
INFO 2025-12-04 21:13:43,309 basehttp 12400 13772 "GET /static/admin/js/filters.js HTTP/1.1" 200 978
INFO 2025-12-04 21:13:43,327 basehttp 12400 13772 "GET /static/admin/img/tooltag-add.svg HTTP/1.1" 200 331
INFO 2025-12-04 21:13:43,327 basehttp 12400 11188 "GET /static/admin/img/icon-viewlink.svg HTTP/1.1" 200 581
INFO 2025-12-04 21:13:45,634 basehttp 12400 11188 "GET /admin/bondingapp/activitycategory/ HTTP/1.1" 200 17100
INFO 2025-12-04 21:13:45,665 basehttp 12400 11188 "GET /static/admin/css/changelists.css HTTP/1.1" 304 0
INFO 2025-12-04 21:13:45,665 basehttp 12400 13772 "GET /static/admin/css/forms.css HTTP/1.1" 304 0
INFO 2025-12-04 21:13:45,666 basehttp 12400 19916 "GET /static/admin/js/jquery.init.js HTTP/1.1" 304 0
INFO 2025-12-04 21:13:45,668 basehttp 12400 31624 "GET /static/admin/js/vendor/jquery/jquery.js HTTP/1.1" 304 0
INFO 2025-12-04 21:13:45,667 basehttp 12400 31600 "GET /static/admin/js/core.js HTTP/1.1" 304 0
INFO 2025-12-04 21:13:45,670 basehttp 12400 11188 "GET /static/admin/js/actions.js HTTP/1.1" 304 0
INFO 2025-12-04 21:13:45,672 basehttp 12400 13772 "GET /static/admin/js/urlify.js HTTP/1.1" 304 0
INFO 2025-12-04 21:13:45,672 basehttp 12400 31624 "GET /static/admin/js/vendor/xregexp/xregexp.js HTTP/1.1" 304 0
INFO 2025-12-04 21:13:45,674 basehttp 12400 19916 "GET /static/admin/js/admin/RelatedObjectLookups.js HTTP/1.1" 304 0
INFO 2025-12-04 21:13:45,676 basehttp 12400 31600 "GET /static/admin/js/prepopulate.js HTTP/1.1" 304 0
INFO 2025-12-04 21:13:45,676 basehttp 12400 11188 "GET /static/admin/css/widgets.css HTTP/1.1" 304 0
INFO 2025-12-04 21:13:45,680 basehttp 12400 22400 "GET /admin/jsi18n/ HTTP/1.1" 200 3342
INFO 2025-12-04 21:13:45,680 basehttp 12400 11188 "GET /static/admin/img/search.svg HTTP/1.1" 304 0
INFO 2025-12-04 21:13:45,684 basehttp 12400 11188 "GET /static/admin/js/filters.js HTTP/1.1" 304 0
INFO 2025-12-04 21:13:46,413 basehttp 12400 11188 "GET /admin/bondingapp/activitycategory/ HTTP/1.1" 200 17100
INFO 2025-12-04 21:13:46,441 basehttp 12400 11188 "GET /admin/jsi18n/ HTTP/1.1" 200 3342
INFO 2025-12-04 21:13:46,955 basehttp 12400 11188 "GET /admin/bondingapp/activitycategory/ HTTP/1.1" 200 17100
INFO 2025-12-04 21:13:46,985 basehttp 12400 13772 "GET /static/admin/js/core.js HTTP/1.1" 304 0
INFO 2025-12-04 21:13:46,986 basehttp 12400 19916 "GET /static/admin/js/vendor/jquery/jquery.js HTTP/1.1" 304 0
INFO 2025-12-04 21:13:46,985 basehttp 12400 11188 "GET /static/admin/css/changelists.css HTTP/1.1" 304 0
INFO 2025-12-04 21:13:46,987 basehttp 12400 31624 "GET /static/admin/js/jquery.init.js HTTP/1.1" 304 0
INFO 2025-12-04 21:13:46,986 basehttp 12400 22400 "GET /static/admin/css/forms.css HTTP/1.1" 304 0
INFO 2025-12-04 21:13:46,990 basehttp 12400 13772 "GET /static/admin/js/admin/RelatedObjectLookups.js HTTP/1.1" 304 0
INFO 2025-12-04 21:13:46,991 basehttp 12400 19916 "GET /static/admin/js/urlify.js HTTP/1.1" 304 0
INFO 2025-12-04 21:13:46,992 basehttp 12400 11188 "GET /static/admin/js/actions.js HTTP/1.1" 304 0
INFO 2025-12-04 21:13:46,993 basehttp 12400 22400 "GET /static/admin/js/prepopulate.js HTTP/1.1" 304 0
INFO 2025-12-04 21:13:46,992 basehttp 12400 31624 "GET /static/admin/js/vendor/xregexp/xregexp.js HTTP/1.1" 304 0
INFO 2025-12-04 21:13:46,995 basehttp 12400 13772 "GET /static/admin/css/widgets.css HTTP/1.1" 304 0
INFO 2025-12-04 21:13:46,997 basehttp 12400 22400 "GET /static/admin/img/search.svg HTTP/1.1" 304 0
INFO 2025-12-04 21:13:46,998 basehttp 12400 31600 "GET /admin/jsi18n/ HTTP/1.1" 200 3342
INFO 2025-12-04 21:13:47,000 basehttp 12400 22400 "GET /static/admin/js/filters.js HTTP/1.1" 304 0
INFO 2025-12-04 21:13:47,314 basehttp 12400 22400 "GET /admin/bondingapp/activitycategory/ HTTP/1.1" 200 17100
INFO 2025-12-04 21:13:47,343 basehttp 12400 22400 "GET /admin/jsi18n/ HTTP/1.1" 200 3342
INFO 2025-12-04 21:13:48,132 basehttp 12400 22400 "GET /admin/bondingapp/activitycompletion/ HTTP/1.1" 200 17505
INFO 2025-12-04 21:13:48,158 basehttp 12400 11188 "GET /static/admin/js/core.js HTTP/1.1" 304 0
INFO 2025-12-04 21:13:48,158 basehttp 12400 22400 "GET /static/admin/css/changelists.css HTTP/1.1" 304 0
INFO 2025-12-04 21:13:48,158 basehttp 12400 31624 "GET /static/admin/js/jquery.init.js HTTP/1.1" 304 0
INFO 2025-12-04 21:13:48,159 basehttp 12400 19916 "GET /static/admin/js/admin/RelatedObjectLookups.js HTTP/1.1" 304 0
INFO 2025-12-04 21:13:48,159 basehttp 12400 13772 "GET /static/admin/js/vendor/jquery/jquery.js HTTP/1.1" 304 0
INFO 2025-12-04 21:13:48,163 basehttp 12400 11188 "GET /static/admin/js/actions.js HTTP/1.1" 304 0
INFO 2025-12-04 21:13:48,164 basehttp 12400 22400 "GET /static/admin/js/urlify.js HTTP/1.1" 304 0
INFO 2025-12-04 21:13:48,166 basehttp 12400 31624 "GET /static/admin/js/prepopulate.js HTTP/1.1" 304 0
INFO 2025-12-04 21:13:48,166 basehttp 12400 19916 "GET /static/admin/js/vendor/xregexp/xregexp.js HTTP/1.1" 304 0
INFO 2025-12-04 21:13:48,169 basehttp 12400 31600 "GET /admin/jsi18n/ HTTP/1.1" 200 3342
INFO 2025-12-04 21:13:48,170 basehttp 12400 19916 "GET /static/admin/img/search.svg HTTP/1.1" 304 0
INFO 2025-12-04 21:13:49,209 basehttp 12400 31600 "GET /admin/bondingapp/activitysession/ HTTP/1.1" 200 18708
INFO 2025-12-04 21:13:49,233 basehttp 12400 19916 "GET /static/admin/js/filters.js HTTP/1.1" 304 0
INFO 2025-12-04 21:13:49,235 basehttp 12400 31600 "GET /admin/jsi18n/ HTTP/1.1" 200 3342
INFO 2025-12-04 21:13:50,619 basehttp 12400 31600 "GET /admin/bondingapp/activitysession/add/ HTTP/1.1" 200 25016
INFO 2025-12-04 21:13:50,649 basehttp 12400 31624 "GET /static/admin/js/vendor/jquery/jquery.js HTTP/1.1" 304 0
INFO 2025-12-04 21:13:50,650 basehttp 12400 22400 "GET /static/admin/js/jquery.init.js HTTP/1.1" 304 0
INFO 2025-12-04 21:13:50,650 basehttp 12400 11188 "GET /static/admin/js/core.js HTTP/1.1" 304 0
INFO 2025-12-04 21:13:50,650 basehttp 12400 31600 "GET /static/admin/css/forms.css HTTP/1.1" 304 0
INFO 2025-12-04 21:13:50,650 basehttp 12400 13772 "GET /static/admin/js/admin/RelatedObjectLookups.js HTTP/1.1" 304 0
INFO 2025-12-04 21:13:50,655 basehttp 12400 31624 "GET /static/admin/js/actions.js HTTP/1.1" 304 0
INFO 2025-12-04 21:13:50,658 basehttp 12400 22400 "GET /static/admin/js/prepopulate.js HTTP/1.1" 304 0
INFO 2025-12-04 21:13:50,659 basehttp 12400 13772 "GET /static/admin/js/urlify.js HTTP/1.1" 304 0
INFO 2025-12-04 21:13:50,658 basehttp 12400 31600 "GET /static/admin/js/vendor/xregexp/xregexp.js HTTP/1.1" 304 0
INFO 2025-12-04 21:13:50,661 basehttp 12400 31624 "GET /static/admin/css/widgets.css HTTP/1.1" 304 0
INFO 2025-12-04 21:13:50,662 basehttp 12400 19916 "GET /admin/jsi18n/ HTTP/1.1" 200 3342
INFO 2025-12-04 21:13:50,667 basehttp 12400 31624 "GET /static/admin/js/prepopulate_init.js HTTP/1.1" 200 586
INFO 2025-12-04 21:13:50,676 basehttp 12400 13772 "GET /static/admin/img/icon-viewlink.svg HTTP/1.1" 304 0
INFO 2025-12-04 21:13:50,676 basehttp 12400 31624 "GET /static/admin/img/icon-deletelink.svg HTTP/1.1" 200 392
INFO 2025-12-04 21:13:50,676 basehttp 12400 19916 "GET /static/admin/js/change_form.js HTTP/1.1" 200 606
INFO 2025-12-04 21:13:58,663 basehttp 12400 19916 "GET /admin/bondingapp/activity/ HTTP/1.1" 200 19436
INFO 2025-12-04 21:13:58,693 basehttp 12400 19916 "GET /static/admin/css/changelists.css HTTP/1.1" 304 0
INFO 2025-12-04 21:13:58,693 basehttp 12400 31624 "GET /static/admin/css/forms.css HTTP/1.1" 304 0
INFO 2025-12-04 21:13:58,693 basehttp 12400 31600 "GET /static/admin/js/jquery.init.js HTTP/1.1" 304 0
INFO 2025-12-04 21:13:58,694 basehttp 12400 11188 "GET /static/admin/js/core.js HTTP/1.1" 304 0
INFO 2025-12-04 21:13:58,694 basehttp 12400 22400 "GET /static/admin/js/vendor/jquery/jquery.js HTTP/1.1" 304 0
INFO 2025-12-04 21:13:58,699 basehttp 12400 11188 "GET /static/admin/js/prepopulate.js HTTP/1.1" 304 0
INFO 2025-12-04 21:13:58,699 basehttp 12400 19916 "GET /static/admin/js/actions.js HTTP/1.1" 304 0
INFO 2025-12-04 21:13:58,699 basehttp 12400 31600 "GET /static/admin/js/admin/RelatedObjectLookups.js HTTP/1.1" 304 0
INFO 2025-12-04 21:13:58,700 basehttp 12400 31624 "GET /static/admin/js/urlify.js HTTP/1.1" 304 0
INFO 2025-12-04 21:13:58,702 basehttp 12400 22400 "GET /static/admin/js/vendor/xregexp/xregexp.js HTTP/1.1" 304 0
INFO 2025-12-04 21:13:58,704 basehttp 12400 19916 "GET /static/admin/css/widgets.css HTTP/1.1" 304 0
INFO 2025-12-04 21:13:58,705 basehttp 12400 13772 "GET /admin/jsi18n/ HTTP/1.1" 200 3342
INFO 2025-12-04 21:13:58,708 basehttp 12400 19916 "GET /static/admin/img/search.svg HTTP/1.1" 304 0
INFO 2025-12-04 21:13:58,710 basehttp 12400 19916 "GET /static/admin/js/filters.js HTTP/1.1" 304 0
INFO 2025-12-04 21:14:00,214 basehttp 12400 19916 "GET /admin/bondingapp/activity/add/ HTTP/1.1" 200 35061
INFO 2025-12-04 21:14:00,241 basehttp 12400 22400 "GET /static/admin/js/prepopulate_init.js HTTP/1.1" 304 0
INFO 2025-12-04 21:14:00,242 basehttp 12400 13772 "GET /static/admin/img/icon-viewlink.svg HTTP/1.1" 304 0
INFO 2025-12-04 21:14:00,246 basehttp 12400 13772 "GET /static/admin/js/change_form.js HTTP/1.1" 304 0
INFO 2025-12-04 21:14:00,247 basehttp 12400 19916 "GET /admin/jsi18n/ HTTP/1.1" 200 3342
INFO 2025-12-04 21:14:11,401 basehttp 12400 19916 "GET /admin/bondingapp/userbadge/ HTTP/1.1" 200 18246
INFO 2025-12-04 21:14:11,430 basehttp 12400 22400 "GET /static/admin/js/vendor/jquery/jquery.js HTTP/1.1" 304 0
INFO 2025-12-04 21:14:11,430 basehttp 12400 19916 "GET /static/admin/css/changelists.css HTTP/1.1" 304 0
INFO 2025-12-04 21:14:11,431 basehttp 12400 31624 "GET /static/admin/js/jquery.init.js HTTP/1.1" 304 0
INFO 2025-12-04 21:14:11,431 basehttp 12400 11188 "GET /static/admin/js/admin/RelatedObjectLookups.js HTTP/1.1" 304 0
INFO 2025-12-04 21:14:11,431 basehttp 12400 31600 "GET /static/admin/js/core.js HTTP/1.1" 304 0
INFO 2025-12-04 21:14:11,435 basehttp 12400 22400 "GET /static/admin/js/actions.js HTTP/1.1" 304 0
INFO 2025-12-04 21:14:11,435 basehttp 12400 19916 "GET /static/admin/js/urlify.js HTTP/1.1" 304 0
INFO 2025-12-04 21:14:11,438 basehttp 12400 31600 "GET /static/admin/js/vendor/xregexp/xregexp.js HTTP/1.1" 304 0
INFO 2025-12-04 21:14:11,438 basehttp 12400 11188 "GET /static/admin/js/prepopulate.js HTTP/1.1" 304 0
INFO 2025-12-04 21:14:11,442 basehttp 12400 13772 "GET /admin/jsi18n/ HTTP/1.1" 200 3342
INFO 2025-12-04 21:14:11,442 basehttp 12400 11188 "GET /static/admin/img/search.svg HTTP/1.1" 304 0
INFO 2025-12-04 21:14:11,446 basehttp 12400 11188 "GET /static/admin/js/filters.js HTTP/1.1" 304 0
INFO 2025-12-04 21:14:12,634 basehttp 12400 11188 "GET /admin/bondingapp/userbadge/add/ HTTP/1.1" 200 20383
INFO 2025-12-04 21:14:12,664 basehttp 12400 11188 "GET /static/admin/css/forms.css HTTP/1.1" 304 0
INFO 2025-12-04 21:14:12,665 basehttp 12400 31600 "GET /static/admin/js/prepopulate_init.js HTTP/1.1" 304 0
INFO 2025-12-04 21:14:12,669 basehttp 12400 31600 "GET /static/admin/css/widgets.css HTTP/1.1" 304 0
INFO 2025-12-04 21:14:12,672 basehttp 12400 13772 "GET /admin/jsi18n/ HTTP/1.1" 200 3342
INFO 2025-12-04 21:14:12,672 basehttp 12400 31600 "GET /static/admin/img/icon-viewlink.svg HTTP/1.1" 304 0
INFO 2025-12-04 21:14:12,675 basehttp 12400 31600 "GET /static/admin/js/change_form.js HTTP/1.1" 304 0
INFO 2025-12-04 21:14:22,783 basehttp 12400 31600 "GET /admin/bondingapp/badge/ HTTP/1.1" 200 17966
INFO 2025-12-04 21:14:22,811 basehttp 12400 13772 "GET /static/admin/css/forms.css HTTP/1.1" 304 0
INFO 2025-12-04 21:14:22,812 basehttp 12400 22400 "GET /static/admin/js/jquery.init.js HTTP/1.1" 304 0
INFO 2025-12-04 21:14:22,812 basehttp 12400 31600 "GET /static/admin/css/changelists.css HTTP/1.1" 304 0
INFO 2025-12-04 21:14:22,812 basehttp 12400 19916 "GET /static/admin/js/vendor/jquery/jquery.js HTTP/1.1" 304 0
INFO 2025-12-04 21:14:22,812 basehttp 12400 31624 "GET /static/admin/js/core.js HTTP/1.1" 304 0
INFO 2025-12-04 21:14:22,816 basehttp 12400 13772 "GET /static/admin/js/admin/RelatedObjectLookups.js HTTP/1.1" 304 0
INFO 2025-12-04 21:14:22,817 basehttp 12400 22400 "GET /static/admin/js/prepopulate.js HTTP/1.1" 304 0
INFO 2025-12-04 21:14:22,818 basehttp 12400 31600 "GET /static/admin/js/actions.js HTTP/1.1" 304 0
INFO 2025-12-04 21:14:22,820 basehttp 12400 19916 "GET /static/admin/js/urlify.js HTTP/1.1" 304 0
INFO 2025-12-04 21:14:22,821 basehttp 12400 31624 "GET /static/admin/js/vendor/xregexp/xregexp.js HTTP/1.1" 304 0
INFO 2025-12-04 21:14:22,822 basehttp 12400 13772 "GET /static/admin/css/widgets.css HTTP/1.1" 304 0
INFO 2025-12-04 21:14:22,829 basehttp 12400 11188 "GET /admin/jsi18n/ HTTP/1.1" 200 3342
INFO 2025-12-04 21:14:22,829 basehttp 12400 13772 "GET /static/admin/img/search.svg HTTP/1.1" 304 0
INFO 2025-12-04 21:14:22,842 basehttp 12400 11188 "GET /static/admin/js/filters.js HTTP/1.1" 304 0
INFO 2025-12-04 21:14:22,847 basehttp 12400 11188 "GET /static/admin/img/tooltag-add.svg HTTP/1.1" 304 0
INFO 2025-12-04 21:14:22,848 basehttp 12400 13772 "GET /static/admin/img/icon-viewlink.svg HTTP/1.1" 304 0
INFO 2025-12-04 21:14:24,608 basehttp 12400 13772 "GET /admin/bondingapp/badge/add/ HTTP/1.1" 200 24937
INFO 2025-12-04 21:14:24,636 basehttp 12400 11188 "GET /static/admin/js/prepopulate_init.js HTTP/1.1" 304 0
INFO 2025-12-04 21:14:24,642 basehttp 12400 13772 "GET /admin/jsi18n/ HTTP/1.1" 200 3342
INFO 2025-12-04 21:14:24,646 basehttp 12400 13772 "GET /static/admin/js/change_form.js HTTP/1.1" 304 0
INFO 2025-12-04 21:18:29,785 autoreload 12400 21624 D:\django_project\bonding\bonding\__init__.py changed, reloading.
INFO 2025-12-04 21:18:39,923 autoreload 31696 29956 Watching for file changes with StatReloader
INFO 2025-12-04 21:42:55,611 autoreload 31696 29956 D:\django_project\bonding\bonding\urls.py changed, reloading.
INFO 2025-12-04 21:42:56,347 autoreload 29940 20040 Watching for file changes with StatReloader
INFO 2025-12-04 21:42:58,872 autoreload 29940 20040 D:\django_project\bonding\bonding\urls.py changed, reloading.
INFO 2025-12-04 21:42:59,625 autoreload 13716 4884 Watching for file changes with StatReloader
INFO 2025-12-04 21:43:01,245 autoreload 13716 4884 D:\django_project\bonding\bonding\urls.py changed, reloading.
INFO 2025-12-04 21:43:02,359 autoreload 23828 21440 Watching for file changes with StatReloader
INFO 2025-12-04 21:43:09,192 autoreload 23828 21440 D:\django_project\bonding\bonding\urls.py changed, reloading.
INFO 2025-12-04 21:43:09,912 autoreload 27552 8836 Watching for file changes with StatReloader
INFO 2025-12-04 21:47:03,923 basehttp 27552 15772 "GET /api/docs/ HTTP/1.1" 200 4457
INFO 2025-12-04 21:47:04,141 basehttp 27552 15772 "GET /api/schema/ HTTP/1.1" 200 8227
INFO 2025-12-04 21:48:01,393 basehttp 27552 2148 "OPTIONS /api/token/ HTTP/1.1" 200 0
INFO 2025-12-04 21:48:03,523 basehttp 27552 2148 "POST /api/token/ HTTP/1.1" 200 582
INFO 2025-12-04 21:48:25,344 basehttp 27552 2148 "OPTIONS /api/token/refresh/ HTTP/1.1" 200 0
INFO 2025-12-04 21:48:25,357 basehttp 27552 2148 "POST /api/token/refresh/ HTTP/1.1" 200 582
INFO 2025-12-04 21:48:39,956 basehttp 27552 2148 "OPTIONS /api/token/verify/ HTTP/1.1" 200 0
WARNING 2025-12-04 21:48:39,968 basehttp 27552 2148 "POST /api/token/verify/ HTTP/1.1" 400 135
WARNING 2025-12-04 22:01:27,988 basehttp 27552 15772 "POST /api/auth/google-login/ HTTP/1.1" 404 3716
INFO 2025-12-04 22:02:38,953 autoreload 27552 8836 D:\django_project\bonding\bonding\urls.py changed, reloading.
INFO 2025-12-04 22:02:39,724 autoreload 21448 23544 Watching for file changes with StatReloader
INFO 2025-12-04 22:02:44,240 autoreload 21448 23544 D:\django_project\bonding\bonding\urls.py changed, reloading.
INFO 2025-12-04 22:02:44,906 autoreload 8968 8780 Watching for file changes with StatReloader
INFO 2025-12-04 22:04:03,529 autoreload 14788 10048 Watching for file changes with StatReloader
INFO 2025-12-04 22:05:46,126 autoreload 12948 30524 Watching for file changes with StatReloader
INFO 2025-12-04 22:08:16,005 autoreload 12948 30524 D:\django_project\bonding\bonding\urls.py changed, reloading.
INFO 2025-12-04 22:08:16,765 autoreload 7892 16312 Watching for file changes with StatReloader
INFO 2025-12-04 22:08:21,120 autoreload 7892 16312 D:\django_project\bonding\bonding\urls.py changed, reloading.
INFO 2025-12-04 22:08:21,857 autoreload 30928 30956 Watching for file changes with StatReloader
INFO 2025-12-04 22:08:31,398 autoreload 30928 30956 D:\django_project\bonding\bonding\urls.py changed, reloading.
INFO 2025-12-04 22:08:32,095 autoreload 16212 9808 Watching for file changes with StatReloader
INFO 2025-12-04 22:08:33,354 autoreload 16212 9808 D:\django_project\bonding\bonding\urls.py changed, reloading.
INFO 2025-12-04 22:08:34,055 autoreload 20676 25320 Watching for file changes with StatReloader
INFO 2025-12-04 22:08:36,343 autoreload 20676 25320 D:\django_project\bonding\bonding\urls.py changed, reloading.
INFO 2025-12-04 22:08:37,099 autoreload 16820 28824 Watching for file changes with StatReloader
INFO 2025-12-04 22:09:13,528 autoreload 16820 28824 D:\django_project\bonding\bonding\urls.py changed, reloading.
INFO 2025-12-04 22:09:14,227 autoreload 27768 26628 Watching for file changes with StatReloader
INFO 2025-12-04 22:09:33,916 autoreload 9692 28960 Watching for file changes with StatReloader
WARNING 2025-12-04 22:09:42,040 basehttp 9692 30744 "POST /auth/google-login/ HTTP/1.1" 404 3704
WARNING 2025-12-04 22:11:03,747 basehttp 9692 30744 "POST /api/auth/google-login/ HTTP/1.1" 404 3716
INFO 2025-12-04 22:12:18,497 autoreload 9692 28960 D:\django_project\bonding\bonding\urls.py changed, reloading.
INFO 2025-12-04 22:12:19,729 autoreload 29848 29008 Watching for file changes with StatReloader
INFO 2025-12-04 22:13:33,259 autoreload 31124 5496 Watching for file changes with StatReloader
INFO 2025-12-04 22:15:07,729 autoreload 31124 5496 D:\django_project\bonding\bondingapp\core\views.py changed, reloading.
INFO 2025-12-04 22:15:08,528 autoreload 30828 11348 Watching for file changes with StatReloader
INFO 2025-12-04 22:15:54,317 autoreload 30828 11348 D:\django_project\bonding\bondingapp\core\views.py changed, reloading.
INFO 2025-12-04 22:15:55,096 autoreload 11232 31632 Watching for file changes with StatReloader
INFO 2025-12-04 22:15:57,555 autoreload 11232 31632 D:\django_project\bonding\bondingapp\core\views.py changed, reloading.
INFO 2025-12-04 22:15:58,236 autoreload 19912 12484 Watching for file changes with StatReloader
INFO 2025-12-04 22:16:02,848 autoreload 19912 12484 D:\django_project\bonding\bondingapp\core\views.py changed, reloading.
INFO 2025-12-04 22:16:03,569 autoreload 3348 26724 Watching for file changes with StatReloader
INFO 2025-12-04 22:18:09,289 autoreload 11088 7644 Watching for file changes with StatReloader
INFO 2025-12-04 22:18:19,896 autoreload 11088 7644 D:\django_project\bonding\bonding\urls.py changed, reloading.
INFO 2025-12-04 22:18:20,619 autoreload 23356 12648 Watching for file changes with StatReloader
INFO 2025-12-04 22:18:52,394 autoreload 16196 12496 Watching for file changes with StatReloader
INFO 2025-12-04 22:19:37,596 autoreload 9128 13096 Watching for file changes with StatReloader
INFO 2025-12-04 22:19:54,613 autoreload 9128 13096 D:\django_project\bonding\bonding\urls.py changed, reloading.
INFO 2025-12-04 22:19:55,320 autoreload 27148 20940 Watching for file changes with StatReloader
INFO 2025-12-04 22:24:31,921 autoreload 11900 11260 Watching for file changes with StatReloader
INFO 2025-12-04 22:26:09,488 autoreload 23692 28800 Watching for file changes with StatReloader
INFO 2025-12-04 22:26:31,492 autoreload 5272 2104 Watching for file changes with StatReloader
INFO 2025-12-04 22:28:59,121 autoreload 5272 2104 D:\django_project\bonding\bondingapp\core\views.py changed, reloading.
INFO 2025-12-04 22:28:59,885 autoreload 21936 8840 Watching for file changes with StatReloader
INFO 2025-12-04 22:29:14,908 autoreload 21936 8840 D:\django_project\bonding\bondingapp\core\views.py changed, reloading.
INFO 2025-12-04 22:29:15,694 autoreload 18696 21240 Watching for file changes with StatReloader
INFO 2025-12-04 22:29:20,344 autoreload 18696 21240 D:\django_project\bonding\bondingapp\core\views.py changed, reloading.
INFO 2025-12-04 22:29:21,096 autoreload 15740 21124 Watching for file changes with StatReloader
INFO 2025-12-04 22:29:24,701 autoreload 15740 21124 D:\django_project\bonding\bondingapp\core\views.py changed, reloading.
INFO 2025-12-04 22:29:25,497 autoreload 30316 29900 Watching for file changes with StatReloader
INFO 2025-12-04 22:30:01,443 autoreload 30316 29900 D:\django_project\bonding\bondingapp\core\views.py changed, reloading.
INFO 2025-12-04 22:30:02,178 autoreload 12316 8204 Watching for file changes with StatReloader
WARNING 2025-12-04 22:30:07,749 basehttp 12316 31068 "POST /api/auth/google-login/ HTTP/1.1" 400 105
WARNING 2025-12-04 22:31:59,984 basehttp 12316 14804 "POST /api/auth/google-login/ HTTP/1.1" 400 120
WARNING 2025-12-04 22:33:45,580 basehttp 12316 19920 "POST /api/auth/google-login/ HTTP/1.1" 400 134
WARNING 2025-12-04 22:33:45,668 basehttp 12316 19920 "POST /api/auth/google-login/ HTTP/1.1" 400 134
WARNING 2025-12-04 22:35:00,316 basehttp 12316 29088 "POST /api/auth/google-login/ HTTP/1.1" 400 120
INFO 2025-12-04 22:41:26,359 autoreload 9596 17344 Watching for file changes with StatReloader
INFO 2025-12-04 22:41:37,245 autoreload 9596 17344 D:\django_project\bonding\bonding\settings.py changed, reloading.
INFO 2025-12-04 22:41:38,034 autoreload 30588 31036 Watching for file changes with StatReloader
INFO 2025-12-04 22:42:04,776 autoreload 30588 31036 D:\django_project\bonding\bonding\settings.py changed, reloading.
INFO 2025-12-04 22:42:05,572 autoreload 14964 19360 Watching for file changes with StatReloader
INFO 2025-12-04 22:42:36,565 autoreload 14964 19360 D:\django_project\bonding\bonding\settings.py changed, reloading.
INFO 2025-12-04 22:42:37,333 autoreload 4920 31524 Watching for file changes with StatReloader
INFO 2025-12-04 22:42:39,921 autoreload 4920 31524 D:\django_project\bonding\bonding\settings.py changed, reloading.
INFO 2025-12-04 22:42:40,694 autoreload 31120 12968 Watching for file changes with StatReloader
INFO 2025-12-04 22:42:42,231 autoreload 31120 12968 D:\django_project\bonding\bonding\settings.py changed, reloading.
INFO 2025-12-04 22:42:42,996 autoreload 15656 10784 Watching for file changes with StatReloader
INFO 2025-12-04 22:43:50,706 autoreload 15656 10784 D:\django_project\bonding\bonding\settings.py changed, reloading.
INFO 2025-12-04 22:43:51,510 autoreload 29472 21584 Watching for file changes with StatReloader
INFO 2025-12-04 22:43:53,093 autoreload 29472 21584 D:\django_project\bonding\bonding\settings.py changed, reloading.
INFO 2025-12-04 22:43:53,896 autoreload 28728 1884 Watching for file changes with StatReloader
INFO 2025-12-04 22:43:55,472 autoreload 28728 1884 D:\django_project\bonding\bonding\settings.py changed, reloading.
INFO 2025-12-04 22:43:56,261 autoreload 29068 5900 Watching for file changes with StatReloader
INFO 2025-12-04 22:43:57,871 autoreload 29068 5900 D:\django_project\bonding\bonding\settings.py changed, reloading.
INFO 2025-12-04 22:43:58,692 autoreload 22348 24584 Watching for file changes with StatReloader
INFO 2025-12-04 22:44:00,275 autoreload 22348 24584 D:\django_project\bonding\bonding\settings.py changed, reloading.
INFO 2025-12-04 22:44:01,038 autoreload 2408 9024 Watching for file changes with StatReloader
INFO 2025-12-04 22:44:02,785 autoreload 2408 9024 D:\django_project\bonding\bonding\settings.py changed, reloading.
INFO 2025-12-04 22:44:03,651 autoreload 30164 10952 Watching for file changes with StatReloader
INFO 2025-12-04 22:49:34,994 basehttp 30164 596 "OPTIONS /api/auth/google-login/ HTTP/1.1" 200 0
WARNING 2025-12-04 22:49:35,003 basehttp 30164 596 "POST /api/auth/google-login/ HTTP/1.1" 400 134
WARNING 2025-12-04 22:49:36,990 basehttp 30164 596 "POST /api/auth/google-login/ HTTP/1.1" 400 134
WARNING 2025-12-04 22:49:39,975 basehttp 30164 596 "POST /api/auth/google-login/ HTTP/1.1" 400 134
WARNING 2025-12-04 22:49:41,446 basehttp 30164 596 "POST /api/auth/google-login/ HTTP/1.1" 400 134
WARNING 2025-12-04 22:49:42,318 basehttp 30164 596 "POST /api/auth/google-login/ HTTP/1.1" 400 134
WARNING 2025-12-04 22:49:47,550 basehttp 30164 596 "POST /api/auth/google-login/ HTTP/1.1" 400 134
WARNING 2025-12-04 22:49:50,598 basehttp 30164 596 "POST /api/auth/google-login/ HTTP/1.1" 400 134
WARNING 2025-12-04 22:51:05,256 basehttp 30164 27752 "GET /api/auth/google-login/ HTTP/1.1" 405 79
INFO 2025-12-04 22:51:18,662 basehttp 30164 27752 "GET /api/docs/ HTTP/1.1" 200 4457
INFO 2025-12-04 22:51:18,890 basehttp 30164 27752 "GET /api/schema/ HTTP/1.1" 200 102486
INFO 2025-12-04 22:51:32,444 basehttp 30164 14444 "OPTIONS /api/auth/google-login/ HTTP/1.1" 200 0
WARNING 2025-12-04 22:51:33,260 basehttp 30164 14444 "POST /api/auth/google-login/ HTTP/1.1" 400 105
INFO 2025-12-04 22:51:53,722 basehttp 30164 14444 "OPTIONS /api/auth/register/ HTTP/1.1" 200 0
WARNING 2025-12-04 22:51:53,726 basehttp 30164 14444 "POST /api/auth/register/ HTTP/1.1" 400 166
WARNING 2025-12-04 22:52:27,486 basehttp 30164 14444 "GET /api/notifications/?ordering=f&page=1&search=1 HTTP/1.1" 401 96
WARNING 2025-12-04 22:55:46,806 basehttp 30164 12024 "POST /api/auth/google-login/ HTTP/1.1" 400 120
WARNING 2025-12-04 22:58:39,645 basehttp 30164 16104 "POST /api/auth/register/ HTTP/1.1" 400 171
WARNING 2025-12-04 22:59:27,014 basehttp 30164 16104 "POST /api/auth/register/ HTTP/1.1" 400 129
WARNING 2025-12-04 23:09:26,826 basehttp 30164 8576 "POST /api/auth/register/ HTTP/1.1" 400 129
WARNING 2025-12-04 23:09:42,793 basehttp 30164 8576 "POST /api/auth/google-login/ HTTP/1.1" 400 120
INFO 2025-12-04 23:11:55,330 basehttp 30164 8588 "POST /api/auth/register/ HTTP/1.1" 201 1581
WARNING 2025-12-04 23:13:42,609 basehttp 30164 9776 "POST /api/auth/google-login/ HTTP/1.1" 400 135
WARNING 2025-12-04 23:14:03,816 basehttp 30164 9776 "POST /api/auth/register/ HTTP/1.1" 400 197
INFO 2025-12-04 23:14:16,400 basehttp 30164 9776 "POST /api/auth/register/ HTTP/1.1" 201 1587
WARNING 2025-12-04 23:14:46,123 basehttp 30164 9776 "GET /api/users/me/ HTTP/1.1" 401 96
WARNING 2025-12-04 23:15:52,485 basehttp 30164 15764 "POST /api/auth/google-login/ HTTP/1.1" 400 824
INFO 2025-12-04 23:18:19,765 basehttp 30164 33052 "GET /admin/bondingapp/user/ HTTP/1.1" 302 0
INFO 2025-12-04 23:18:19,804 basehttp 30164 33052 "GET /admin/login/?next=/admin/bondingapp/user/ HTTP/1.1" 200 4211
INFO 2025-12-04 23:18:19,834 basehttp 30164 32996 "GET /static/admin/css/dark_mode.css HTTP/1.1" 200 2808
INFO 2025-12-04 23:18:19,836 basehttp 30164 33052 "GET /static/admin/css/base.css HTTP/1.1" 200 22120
INFO 2025-12-04 23:18:19,837 basehttp 30164 33276 "GET /static/admin/css/nav_sidebar.css HTTP/1.1" 200 2810
INFO 2025-12-04 23:18:19,838 basehttp 30164 30340 "GET /static/admin/css/login.css HTTP/1.1" 200 951
INFO 2025-12-04 23:18:19,838 basehttp 30164 20660 "GET /static/admin/js/theme.js HTTP/1.1" 200 1653
INFO 2025-12-04 23:18:19,839 basehttp 30164 21208 "GET /static/admin/css/responsive.css HTTP/1.1" 200 16565
INFO 2025-12-04 23:18:19,842 basehttp 30164 20660 "GET /static/admin/js/nav_sidebar.js HTTP/1.1" 200 3063
INFO 2025-12-04 23:18:27,115 basehttp 30164 20660 "POST /admin/login/?next=/admin/bondingapp/user/ HTTP/1.1" 302 0
INFO 2025-12-04 23:18:27,198 basehttp 30164 20660 "GET /admin/bondingapp/user/ HTTP/1.1" 200 25618
INFO 2025-12-04 23:18:27,228 basehttp 30164 20660 "GET /static/admin/css/changelists.css HTTP/1.1" 304 0
INFO 2025-12-04 23:18:27,237 basehttp 30164 33276 "GET /static/admin/js/core.js HTTP/1.1" 304 0
INFO 2025-12-04 23:18:27,237 basehttp 30164 33052 "GET /static/admin/js/admin/RelatedObjectLookups.js HTTP/1.1" 304 0
INFO 2025-12-04 23:18:27,238 basehttp 30164 32996 "GET /static/admin/js/actions.js HTTP/1.1" 304 0
INFO 2025-12-04 23:18:27,238 basehttp 30164 30340 "GET /static/admin/js/jquery.init.js HTTP/1.1" 304 0
INFO 2025-12-04 23:18:27,239 basehttp 30164 21208 "GET /static/admin/js/vendor/jquery/jquery.js HTTP/1.1" 304 0
INFO 2025-12-04 23:18:27,242 basehttp 30164 33276 "GET /static/admin/js/urlify.js HTTP/1.1" 304 0
INFO 2025-12-04 23:18:27,242 basehttp 30164 33052 "GET /static/admin/js/prepopulate.js HTTP/1.1" 304 0
INFO 2025-12-04 23:18:27,242 basehttp 30164 30340 "GET /static/admin/js/vendor/xregexp/xregexp.js HTTP/1.1" 304 0
INFO 2025-12-04 23:18:27,249 basehttp 30164 20660 "GET /admin/jsi18n/ HTTP/1.1" 200 3342
INFO 2025-12-04 23:18:27,252 basehttp 30164 33052 "GET /static/admin/img/search.svg HTTP/1.1" 304 0
INFO 2025-12-04 23:18:27,252 basehttp 30164 30340 "GET /static/admin/img/icon-no.svg HTTP/1.1" 200 560
INFO 2025-12-04 23:18:27,267 basehttp 30164 33052 "GET /static/admin/js/filters.js HTTP/1.1" 304 0
INFO 2025-12-04 23:18:27,267 basehttp 30164 30340 "GET /static/admin/img/icon-yes.svg HTTP/1.1" 200 436
INFO 2025-12-04 23:18:27,274 basehttp 30164 33052 "GET /static/admin/img/tooltag-add.svg HTTP/1.1" 304 0
INFO 2025-12-04 23:18:27,274 basehttp 30164 20660 "GET /static/admin/img/icon-viewlink.svg HTTP/1.1" 304 0
INFO 2025-12-04 23:18:27,275 basehttp 30164 30340 "GET /static/admin/img/icon-addlink.svg HTTP/1.1" 200 331
INFO 2025-12-04 23:18:39,706 basehttp 30164 30340 "GET /admin/bondingapp/userpreference/ HTTP/1.1" 200 21220
INFO 2025-12-04 23:18:39,734 basehttp 30164 30340 "GET /admin/jsi18n/ HTTP/1.1" 200 3342
INFO 2025-12-04 23:18:39,745 basehttp 30164 30340 "GET /static/admin/img/sorting-icons.svg HTTP/1.1" 200 1097
INFO 2025-12-04 23:18:48,641 basehttp 30164 30340 "GET /admin/bondingapp/usermilestone/ HTTP/1.1" 200 17870
INFO 2025-12-04 23:18:48,670 basehttp 30164 30340 "GET /admin/jsi18n/ HTTP/1.1" 200 3342
INFO 2025-12-04 23:18:51,326 basehttp 30164 30340 "GET /admin/bondingapp/skiplimit/ HTTP/1.1" 200 16673
INFO 2025-12-04 23:18:51,353 basehttp 30164 30340 "GET /admin/jsi18n/ HTTP/1.1" 200 3342
INFO 2025-12-04 23:18:53,397 basehttp 30164 30340 "GET /admin/bondingapp/streak/ HTTP/1.1" 200 17128
INFO 2025-12-04 23:18:53,423 basehttp 30164 30340 "GET /admin/jsi18n/ HTTP/1.1" 200 3342
INFO 2025-12-04 23:18:59,162 basehttp 30164 30340 "GET /admin/bondingapp/skiplimit/ HTTP/1.1" 200 16673
INFO 2025-12-04 23:18:59,190 basehttp 30164 30340 "GET /admin/jsi18n/ HTTP/1.1" 200 3342
INFO 2025-12-04 23:19:06,778 basehttp 30164 30340 "GET /admin/bondingapp/skiplimit/add/ HTTP/1.1" 200 19737
INFO 2025-12-04 23:19:06,805 basehttp 30164 30340 "GET /static/admin/css/forms.css HTTP/1.1" 304 0
INFO 2025-12-04 23:19:06,805 basehttp 30164 33052 "GET /static/admin/js/prepopulate_init.js HTTP/1.1" 304 0
INFO 2025-12-04 23:19:06,810 basehttp 30164 33052 "GET /static/admin/css/widgets.css HTTP/1.1" 304 0
INFO 2025-12-04 23:19:06,811 basehttp 30164 20660 "GET /admin/jsi18n/ HTTP/1.1" 200 3342
INFO 2025-12-04 23:19:06,814 basehttp 30164 33052 "GET /static/admin/js/change_form.js HTTP/1.1" 304 0
INFO 2025-12-04 23:19:06,815 basehttp 30164 20660 "GET /static/admin/img/icon-changelink.svg HTTP/1.1" 200 380
INFO 2025-12-04 23:19:31,443 basehttp 30164 20660 "GET /admin/bondingapp/notification/ HTTP/1.1" 200 18785
INFO 2025-12-04 23:19:31,475 basehttp 30164 20660 "GET /admin/jsi18n/ HTTP/1.1" 200 3342
INFO 2025-12-04 23:19:32,866 basehttp 30164 20660 "GET /admin/bondingapp/notification/add/ HTTP/1.1" 200 24673
INFO 2025-12-04 23:19:32,895 basehttp 30164 20660 "GET /admin/jsi18n/ HTTP/1.1" 200 3342
INFO 2025-12-04 23:19:51,974 basehttp 30164 20660 "GET /admin/bondingapp/activitycompletion/ HTTP/1.1" 200 17505
INFO 2025-12-04 23:19:52,006 basehttp 30164 20660 "GET /admin/jsi18n/ HTTP/1.1" 200 3342
INFO 2025-12-04 23:33:08,820 basehttp 30164 9676 "GET /admin/bondingapp/activitycompletion/ HTTP/1.1" 200 17505
WARNING 2025-12-04 23:33:08,960 basehttp 30164 9676 "GET /favicon.ico HTTP/1.1" 404 3829
INFO 2025-12-05 21:25:13,036 autoreload 31920 27340 Watching for file changes with StatReloader
WARNING 2025-12-05 21:25:52,665 basehttp 31920 15224 "POST /api/auth/login/ HTTP/1.1" 404 31212
WARNING 2025-12-05 21:26:20,714 basehttp 31920 15224 "POST /api/api/auth/login/ HTTP/1.1" 404 31224
WARNING 2025-12-05 21:26:30,117 basehttp 31920 15224 "POST /api/auth/login/ HTTP/1.1" 404 31212
WARNING 2025-12-05 21:26:46,545 basehttp 31920 15224 "POST /api/auth/login/ HTTP/1.1" 404 31212
WARNING 2025-12-05 21:27:05,071 basehttp 31920 15224 "POST /api/auth/login/ HTTP/1.1" 404 31212
WARNING 2025-12-05 21:27:09,987 basehttp 31920 15224 "POST /api/auth/login HTTP/1.1" 404 31209
INFO 2025-12-05 21:27:19,834 basehttp 31920 6296 "GET /api/docs/ HTTP/1.1" 200 4457
INFO 2025-12-05 21:27:20,223 basehttp 31920 6296 "GET /api/schema/ HTTP/1.1" 200 102486
INFO 2025-12-05 21:27:25,853 autoreload 31920 27340 D:\django_project\bonding\bondingapp\core\urls.py changed, reloading.
INFO 2025-12-05 21:27:26,671 autoreload 20208 32012 Watching for file changes with StatReloader
INFO 2025-12-05 21:27:30,343 autoreload 20208 32012 D:\django_project\bonding\bondingapp\core\urls.py changed, reloading.
INFO 2025-12-05 21:27:31,111 autoreload 9660 29384 Watching for file changes with StatReloader
INFO 2025-12-05 21:27:40,968 autoreload 9660 29384 D:\django_project\bonding\bondingapp\core\urls.py changed, reloading.
INFO 2025-12-05 21:27:41,827 autoreload 9032 15108 Watching for file changes with StatReloader
INFO 2025-12-05 21:27:44,469 autoreload 9032 15108 D:\django_project\bonding\bondingapp\core\urls.py changed, reloading.
INFO 2025-12-05 21:27:45,295 autoreload 18560 20904 Watching for file changes with StatReloader
ERROR 2025-12-05 21:27:47,322 log 18560 21376 Internal Server Error: /api/auth/login
Traceback (most recent call last):
  File "D:\django_project\bonding\env\Lib\site-packages\django\core\handlers\exception.py", line 55, in inner
    response = get_response(request)
  File "D:\django_project\bonding\env\Lib\site-packages\django\utils\deprecation.py", line 122, in __call__
    response = self.process_response(request, response)
  File "D:\django_project\bonding\env\Lib\site-packages\django\middleware\common.py", line 108, in process_response
    return self.response_redirect_class(self.get_full_path_with_slash(request))
                                        ~~~~~~~~~~~~~~~~~~~~~~~~~~~~~^^^^^^^^^
  File "D:\django_project\bonding\env\Lib\site-packages\django\middleware\common.py", line 87, in get_full_path_with_slash
    raise RuntimeError(
    ...<9 lines>...
    )
RuntimeError: You called this URL via POST, but the URL doesn't end in a slash and you have APPEND_SLASH set. Django can't redirect to the slash URL while maintaining POST data. Change your form to point to localhost:8000/api/auth/login/ (note the trailing slash), or set APPEND_SLASH=False in your Django settings.
ERROR 2025-12-05 21:27:47,325 basehttp 18560 21376 "POST /api/auth/login HTTP/1.1" 500 85646
ERROR 2025-12-05 21:27:50,062 log 18560 10828 Internal Server Error: /api/auth/login
Traceback (most recent call last):
  File "D:\django_project\bonding\env\Lib\site-packages\django\core\handlers\exception.py", line 55, in inner
    response = get_response(request)
  File "D:\django_project\bonding\env\Lib\site-packages\django\utils\deprecation.py", line 122, in __call__
    response = self.process_response(request, response)
  File "D:\django_project\bonding\env\Lib\site-packages\django\middleware\common.py", line 108, in process_response
    return self.response_redirect_class(self.get_full_path_with_slash(request))
                                        ~~~~~~~~~~~~~~~~~~~~~~~~~~~~~^^^^^^^^^
  File "D:\django_project\bonding\env\Lib\site-packages\django\middleware\common.py", line 87, in get_full_path_with_slash
    raise RuntimeError(
    ...<9 lines>...
    )
RuntimeError: You called this URL via POST, but the URL doesn't end in a slash and you have APPEND_SLASH set. Django can't redirect to the slash URL while maintaining POST data. Change your form to point to localhost:8000/api/auth/login/ (note the trailing slash), or set APPEND_SLASH=False in your Django settings.
ERROR 2025-12-05 21:27:50,064 basehttp 18560 10828 "POST /api/auth/login HTTP/1.1" 500 85646
ERROR 2025-12-05 21:27:51,043 log 18560 18212 Internal Server Error: /api/auth/login
Traceback (most recent call last):
  File "D:\django_project\bonding\env\Lib\site-packages\django\core\handlers\exception.py", line 55, in inner
    response = get_response(request)
  File "D:\django_project\bonding\env\Lib\site-packages\django\utils\deprecation.py", line 122, in __call__
    response = self.process_response(request, response)
  File "D:\django_project\bonding\env\Lib\site-packages\django\middleware\common.py", line 108, in process_response
    return self.response_redirect_class(self.get_full_path_with_slash(request))
                                        ~~~~~~~~~~~~~~~~~~~~~~~~~~~~~^^^^^^^^^
  File "D:\django_project\bonding\env\Lib\site-packages\django\middleware\common.py", line 87, in get_full_path_with_slash
    raise RuntimeError(
    ...<9 lines>...
    )
RuntimeError: You called this URL via POST, but the URL doesn't end in a slash and you have APPEND_SLASH set. Django can't redirect to the slash URL while maintaining POST data. Change your form to point to localhost:8000/api/auth/login/ (note the trailing slash), or set APPEND_SLASH=False in your Django settings.
ERROR 2025-12-05 21:27:51,045 basehttp 18560 18212 "POST /api/auth/login HTTP/1.1" 500 85646
ERROR 2025-12-05 21:27:51,862 log 18560 15520 Internal Server Error: /api/auth/login
Traceback (most recent call last):
  File "D:\django_project\bonding\env\Lib\site-packages\django\core\handlers\exception.py", line 55, in inner
    response = get_response(request)
  File "D:\django_project\bonding\env\Lib\site-packages\django\utils\deprecation.py", line 122, in __call__
    response = self.process_response(request, response)
  File "D:\django_project\bonding\env\Lib\site-packages\django\middleware\common.py", line 108, in process_response
    return self.response_redirect_class(self.get_full_path_with_slash(request))
                                        ~~~~~~~~~~~~~~~~~~~~~~~~~~~~~^^^^^^^^^
  File "D:\django_project\bonding\env\Lib\site-packages\django\middleware\common.py", line 87, in get_full_path_with_slash
    raise RuntimeError(
    ...<9 lines>...
    )
RuntimeError: You called this URL via POST, but the URL doesn't end in a slash and you have APPEND_SLASH set. Django can't redirect to the slash URL while maintaining POST data. Change your form to point to localhost:8000/api/auth/login/ (note the trailing slash), or set APPEND_SLASH=False in your Django settings.
ERROR 2025-12-05 21:27:51,865 basehttp 18560 15520 "POST /api/auth/login HTTP/1.1" 500 85646
ERROR 2025-12-05 21:27:59,659 log 18560 23044 Internal Server Error: /api/auth/login
Traceback (most recent call last):
  File "D:\django_project\bonding\env\Lib\site-packages\django\core\handlers\exception.py", line 55, in inner
    response = get_response(request)
  File "D:\django_project\bonding\env\Lib\site-packages\django\utils\deprecation.py", line 122, in __call__
    response = self.process_response(request, response)
  File "D:\django_project\bonding\env\Lib\site-packages\django\middleware\common.py", line 108, in process_response
    return self.response_redirect_class(self.get_full_path_with_slash(request))
                                        ~~~~~~~~~~~~~~~~~~~~~~~~~~~~~^^^^^^^^^
  File "D:\django_project\bonding\env\Lib\site-packages\django\middleware\common.py", line 87, in get_full_path_with_slash
    raise RuntimeError(
    ...<9 lines>...
    )
RuntimeError: You called this URL via POST, but the URL doesn't end in a slash and you have APPEND_SLASH set. Django can't redirect to the slash URL while maintaining POST data. Change your form to point to localhost:8000/api/auth/login/ (note the trailing slash), or set APPEND_SLASH=False in your Django settings.
ERROR 2025-12-05 21:27:59,661 basehttp 18560 23044 "POST /api/auth/login HTTP/1.1" 500 85646
ERROR 2025-12-05 21:28:00,634 log 18560 22056 Internal Server Error: /api/auth/login
Traceback (most recent call last):
  File "D:\django_project\bonding\env\Lib\site-packages\django\core\handlers\exception.py", line 55, in inner
    response = get_response(request)
  File "D:\django_project\bonding\env\Lib\site-packages\django\utils\deprecation.py", line 122, in __call__
    response = self.process_response(request, response)
  File "D:\django_project\bonding\env\Lib\site-packages\django\middleware\common.py", line 108, in process_response
    return self.response_redirect_class(self.get_full_path_with_slash(request))
                                        ~~~~~~~~~~~~~~~~~~~~~~~~~~~~~^^^^^^^^^
  File "D:\django_project\bonding\env\Lib\site-packages\django\middleware\common.py", line 87, in get_full_path_with_slash
    raise RuntimeError(
    ...<9 lines>...
    )
RuntimeError: You called this URL via POST, but the URL doesn't end in a slash and you have APPEND_SLASH set. Django can't redirect to the slash URL while maintaining POST data. Change your form to point to localhost:8000/api/auth/login/ (note the trailing slash), or set APPEND_SLASH=False in your Django settings.
ERROR 2025-12-05 21:28:00,636 basehttp 18560 22056 "POST /api/auth/login HTTP/1.1" 500 85646
WARNING 2025-12-05 21:28:32,077 basehttp 18560 32876 "POST /api/auth/login/ HTTP/1.1" 401 131
INFO 2025-12-05 21:28:52,649 basehttp 18560 32876 "POST /api/auth/login/ HTTP/1.1" 200 1329
WARNING 2025-12-05 21:29:20,853 basehttp 18560 32876 "GET /api/auth/login/ HTTP/1.1" 405 79
INFO 2025-12-05 21:29:25,630 basehttp 18560 32876 "POST /api/auth/login/ HTTP/1.1" 200 1329
INFO 2025-12-05 21:30:45,790 basehttp 18560 32876 "GET /api/users/me/ HTTP/1.1" 200 667
WARNING 2025-12-05 21:31:27,927 basehttp 18560 32876 "PATCH /api/users/update-profile/ HTTP/1.1" 404 57
WARNING 2025-12-05 21:31:47,978 basehttp 18560 32876 "PATCH /api/users/update-profile/ HTTP/1.1" 404 57
WARNING 2025-12-05 21:31:49,295 basehttp 18560 32876 "PATCH /api/users/update-profile/ HTTP/1.1" 404 57
WARNING 2025-12-05 21:32:14,951 basehttp 18560 32876 "PATCH /api/users/update-profile/ HTTP/1.1" 404 57
INFO 2025-12-05 21:32:42,431 basehttp 18560 32876 "GET /api/users/preferences/ HTTP/1.1" 200 296
INFO 2025-12-05 21:33:02,414 basehttp 18560 32876 "PUT /api/users/preferences/ HTTP/1.1" 200 341
INFO 2025-12-05 21:33:13,171 basehttp 18560 32876 "GET /api/activities/?category=&difficulty=&mode=&premium=true HTTP/1.1" 200 42
WARNING 2025-12-05 21:33:25,855 basehttp 18560 32876 "POST /api/activities//start/ HTTP/1.1" 404 31495
INFO 2025-12-05 22:12:30,198 basehttp 18560 26492 "GET /admin/bondingapp/activitycompletion/ HTTP/1.1" 200 17505
INFO 2025-12-05 22:12:30,242 basehttp 18560 26492 "GET /static/admin/css/base.css HTTP/1.1" 304 0
INFO 2025-12-05 22:12:30,243 basehttp 18560 13676 "GET /static/admin/css/dark_mode.css HTTP/1.1" 304 0
INFO 2025-12-05 22:12:30,245 basehttp 18560 26492 "GET /static/admin/css/nav_sidebar.css HTTP/1.1" 304 0
INFO 2025-12-05 22:12:30,245 basehttp 18560 13676 "GET /static/admin/css/changelists.css HTTP/1.1" 304 0
INFO 2025-12-05 22:12:30,248 basehttp 18560 26492 "GET /static/admin/css/responsive.css HTTP/1.1" 304 0
INFO 2025-12-05 22:12:30,251 basehttp 18560 13676 "GET /static/admin/js/theme.js HTTP/1.1" 304 0
INFO 2025-12-05 22:12:30,259 basehttp 18560 26492 "GET /static/admin/js/jquery.init.js HTTP/1.1" 304 0
INFO 2025-12-05 22:12:30,265 basehttp 18560 13676 "GET /static/admin/js/core.js HTTP/1.1" 304 0
INFO 2025-12-05 22:12:30,267 basehttp 18560 16300 "GET /static/admin/js/actions.js HTTP/1.1" 304 0
INFO 2025-12-05 22:12:30,270 basehttp 18560 26492 "GET /static/admin/js/admin/RelatedObjectLookups.js HTTP/1.1" 304 0
INFO 2025-12-05 22:12:30,271 basehttp 18560 1132 "GET /static/admin/js/urlify.js HTTP/1.1" 304 0
INFO 2025-12-05 22:12:30,272 basehttp 18560 1972 "GET /static/admin/js/vendor/jquery/jquery.js HTTP/1.1" 304 0
INFO 2025-12-05 22:12:30,276 basehttp 18560 16300 "GET /static/admin/js/vendor/xregexp/xregexp.js HTTP/1.1" 304 0
INFO 2025-12-05 22:12:30,277 basehttp 18560 1972 "GET /static/admin/img/search.svg HTTP/1.1" 304 0
INFO 2025-12-05 22:12:30,282 basehttp 18560 13676 "GET /static/admin/js/prepopulate.js HTTP/1.1" 304 0
INFO 2025-12-05 22:12:30,292 basehttp 18560 13676 "GET /static/admin/js/nav_sidebar.js HTTP/1.1" 304 0
INFO 2025-12-05 22:12:30,298 basehttp 18560 16832 "GET /admin/jsi18n/ HTTP/1.1" 200 3342
INFO 2025-12-05 22:12:30,300 basehttp 18560 13676 "GET /static/admin/js/filters.js HTTP/1.1" 304 0
INFO 2025-12-05 22:12:30,351 basehttp 18560 16832 "GET /static/admin/img/icon-viewlink.svg HTTP/1.1" 304 0
INFO 2025-12-05 22:12:30,352 basehttp 18560 13676 "GET /static/admin/img/tooltag-add.svg HTTP/1.1" 304 0
INFO 2025-12-05 22:12:30,352 basehttp 18560 1972 "GET /static/admin/img/icon-addlink.svg HTTP/1.1" 304 0
WARNING 2025-12-05 22:12:30,420 basehttp 18560 1972 "GET /favicon.ico HTTP/1.1" 404 3829
